      From worker 12:	┌ Error: No CUDA-capable device found
      From worker 12:	└ @ CUDA ~/.julia/packages/CUDA/ZdCxS/src/initialization.jl:92
      From worker 5:	┌ Error: No CUDA-capable device found
      From worker 5:	└ @ CUDA ~/.julia/packages/CUDA/ZdCxS/src/initialization.jl:92
      From worker 14:	┌ Error: No CUDA-capable device found
      From worker 14:	└ @ CUDA ~/.julia/packages/CUDA/ZdCxS/src/initialization.jl:92
      From worker 4:	┌ Error: No CUDA-capable device found
      From worker 4:	└ @ CUDA ~/.julia/packages/CUDA/ZdCxS/src/initialization.jl:92
      From worker 7:	┌ Error: No CUDA-capable device found
      From worker 7:	└ @ CUDA ~/.julia/packages/CUDA/ZdCxS/src/initialization.jl:92
      From worker 11:	┌ Error: No CUDA-capable device found
      From worker 11:	└ @ CUDA ~/.julia/packages/CUDA/ZdCxS/src/initialization.jl:92
      From worker 15:	┌ Error: No CUDA-capable device found
      From worker 15:	└ @ CUDA ~/.julia/packages/CUDA/ZdCxS/src/initialization.jl:92
      From worker 17:	┌ Error: No CUDA-capable device found
      From worker 17:	└ @ CUDA ~/.julia/packages/CUDA/ZdCxS/src/initialization.jl:92
      From worker 13:	┌ Error: No CUDA-capable device found
      From worker 13:	└ @ CUDA ~/.julia/packages/CUDA/ZdCxS/src/initialization.jl:92
      From worker 3:	┌ Error: No CUDA-capable device found
      From worker 3:	└ @ CUDA ~/.julia/packages/CUDA/ZdCxS/src/initialization.jl:92
      From worker 9:	┌ Error: No CUDA-capable device found
      From worker 9:	└ @ CUDA ~/.julia/packages/CUDA/ZdCxS/src/initialization.jl:92
      From worker 2:	┌ Error: No CUDA-capable device found
      From worker 2:	└ @ CUDA ~/.julia/packages/CUDA/ZdCxS/src/initialization.jl:92
      From worker 8:	┌ Error: No CUDA-capable device found
      From worker 8:	└ @ CUDA ~/.julia/packages/CUDA/ZdCxS/src/initialization.jl:92
      From worker 6:	┌ Error: No CUDA-capable device found
      From worker 6:	└ @ CUDA ~/.julia/packages/CUDA/ZdCxS/src/initialization.jl:92
      From worker 10:	┌ Error: No CUDA-capable device found
      From worker 10:	└ @ CUDA ~/.julia/packages/CUDA/ZdCxS/src/initialization.jl:92
      From worker 16:	┌ Error: No CUDA-capable device found
      From worker 16:	└ @ CUDA ~/.julia/packages/CUDA/ZdCxS/src/initialization.jl:92
Starting at: 2023-02-11T04:15:28.655
Running ML-IMC in the training mode.
Reading model from model-iter-03.bson

Neither gradients nor optimizer were provided, rerunning the training iteration with the current model...

Using the following symmetry functions as the neural input for each atom:
    G2 symmetry functions:
    eta, Å^-2; rcutoff, Å; rshift, Å
       G2(0.125, 7.0, 0.0)
       G2(4.0, 7.0, 3.0)
       G2(4.0, 7.0, 3.5)
       G2(4.0, 7.0, 4.0)
       G2(4.0, 7.0, 4.5)
       G2(4.0, 7.0, 5.0)
       G2(4.0, 7.0, 5.5)
       G2(4.0, 7.0, 6.0)
       G2(4.0, 7.0, 6.5)
Maximum cutoff distance: 7.0 Å
Symmetry function scaling parameter: 1.0
Training a model using 4 reference system(s)
Using the following activation functions: ["identity", "relu", "relu", "identity"]

Starting the main part of the training...

Number of iterations: 100
Running MC simulation on 16 rank(s)...

Total number of steps: 32.0M
Number of equilibration steps per rank: 0.5M

Iteration 1...
   System 100CH3OH-CG:
       Acceptance ratio = 0.4982
       Max displacement = 1.3329
Regularization Loss = 0
Descriptor Loss = 0.58242312
   System 60CH3OH-CG:
       Acceptance ratio = 0.5034
       Max displacement = 1.8009
Regularization Loss = 0
Descriptor Loss = 0.25327437
   System 40CH3OH-CG:
       Acceptance ratio = 0.5021
       Max displacement = 2.2113
Regularization Loss = 0
Descriptor Loss = 0.19446617
   System 20CH3OH-CG:
       Acceptance ratio = 0.502
       Max displacement = 3.7353
Regularization Loss = 0
Descriptor Loss = 0.15293591
   
Total Average Loss = 0.29577489

Iteration 2...
   System 100CH3OH-CG:
       Acceptance ratio = 0.4999
       Max displacement = 1.3031
Regularization Loss = 0
Descriptor Loss = 0.59635128
   System 60CH3OH-CG:
       Acceptance ratio = 0.5013
       Max displacement = 1.8149
Regularization Loss = 0
Descriptor Loss = 0.22504782
   System 40CH3OH-CG:
       Acceptance ratio = 0.5013
       Max displacement = 2.2017
Regularization Loss = 0
Descriptor Loss = 0.17921072
   System 20CH3OH-CG:
       Acceptance ratio = 0.5031
       Max displacement = 3.6613
Regularization Loss = 0
Descriptor Loss = 0.13578554
   
Total Average Loss = 0.28409884

Iteration 3...
   System 100CH3OH-CG:
       Acceptance ratio = 0.5016
       Max displacement = 1.2969
Regularization Loss = 0
Descriptor Loss = 0.62165529
   System 60CH3OH-CG:
       Acceptance ratio = 0.5027
       Max displacement = 1.8259
Regularization Loss = 0
Descriptor Loss = 0.19160386
   System 40CH3OH-CG:
       Acceptance ratio = 0.5001
       Max displacement = 2.1964
Regularization Loss = 0
Descriptor Loss = 0.16593297
   System 20CH3OH-CG:
       Acceptance ratio = 0.503
       Max displacement = 3.584
Regularization Loss = 0
Descriptor Loss = 0.12051503
   
Total Average Loss = 0.27492679

Iteration 4...
   System 100CH3OH-CG:
       Acceptance ratio = 0.5027
       Max displacement = 1.2967
Regularization Loss = 0
Descriptor Loss = 0.64933408
   System 60CH3OH-CG:
       Acceptance ratio = 0.5014
       Max displacement = 1.8153
Regularization Loss = 0
Descriptor Loss = 0.18593777
   System 40CH3OH-CG:
       Acceptance ratio = 0.4985
       Max displacement = 2.2091
Regularization Loss = 0
Descriptor Loss = 0.16341401
   System 20CH3OH-CG:
       Acceptance ratio = 0.5005
       Max displacement = 3.5627
Regularization Loss = 0
Descriptor Loss = 0.12424646
   
Total Average Loss = 0.28073308

Iteration 5...
   System 100CH3OH-CG:
       Acceptance ratio = 0.5012
       Max displacement = 1.3359
Regularization Loss = 0
Descriptor Loss = 0.69443031
   System 60CH3OH-CG:
       Acceptance ratio = 0.5017
       Max displacement = 1.8212
Regularization Loss = 0
Descriptor Loss = 0.18782207
   System 40CH3OH-CG:
       Acceptance ratio = 0.4961
       Max displacement = 2.2144
Regularization Loss = 0
Descriptor Loss = 0.15974143
   System 20CH3OH-CG:
       Acceptance ratio = 0.5016
       Max displacement = 3.4543
Regularization Loss = 0
Descriptor Loss = 0.13577956
   
Total Average Loss = 0.29444334

Iteration 6...
   System 100CH3OH-CG:
       Acceptance ratio = 0.4974
       Max displacement = 1.3867
Regularization Loss = 0
Descriptor Loss = 0.76384154
   System 60CH3OH-CG:
       Acceptance ratio = 0.5017
       Max displacement = 1.8146
Regularization Loss = 0
Descriptor Loss = 0.19330072
   System 40CH3OH-CG:
       Acceptance ratio = 0.4968
       Max displacement = 2.2133
Regularization Loss = 0
Descriptor Loss = 0.17865729
   System 20CH3OH-CG:
       Acceptance ratio = 0.5023
       Max displacement = 3.3756
Regularization Loss = 0
Descriptor Loss = 0.17008401
   
Total Average Loss = 0.32647089

Iteration 7...
   System 100CH3OH-CG:
       Acceptance ratio = 0.5007
       Max displacement = 1.3571
Regularization Loss = 0
Descriptor Loss = 0.78566411
   System 60CH3OH-CG:
       Acceptance ratio = 0.4987
       Max displacement = 1.8565
Regularization Loss = 0
Descriptor Loss = 0.20287087
   System 40CH3OH-CG:
       Acceptance ratio = 0.4959
       Max displacement = 2.221
Regularization Loss = 0
Descriptor Loss = 0.18869857
   System 20CH3OH-CG:
       Acceptance ratio = 0.5026
       Max displacement = 3.365
Regularization Loss = 0
Descriptor Loss = 0.17939446
   
Total Average Loss = 0.339157

Iteration 8...
   System 100CH3OH-CG:
       Acceptance ratio = 0.5038
       Max displacement = 1.3399
Regularization Loss = 0
Descriptor Loss = 0.82063527
   System 60CH3OH-CG:
       Acceptance ratio = 0.5031
       Max displacement = 1.8127
Regularization Loss = 0
Descriptor Loss = 0.19731826
   System 40CH3OH-CG:
       Acceptance ratio = 0.5018
       Max displacement = 2.1758
Regularization Loss = 0
Descriptor Loss = 0.19717617
   System 20CH3OH-CG:
       Acceptance ratio = 0.5005
       Max displacement = 3.3567
Regularization Loss = 0
Descriptor Loss = 0.22157929
   
Total Average Loss = 0.35917725

Iteration 9...
   System 100CH3OH-CG:
       Acceptance ratio = 0.4995
       Max displacement = 1.3419
Regularization Loss = 0
Descriptor Loss = 0.80868706
   System 60CH3OH-CG:
       Acceptance ratio = 0.4986
       Max displacement = 1.8546
Regularization Loss = 0
Descriptor Loss = 0.19895408
   System 40CH3OH-CG:
       Acceptance ratio = 0.4974
       Max displacement = 2.2277
Regularization Loss = 0
Descriptor Loss = 0.2074092
   System 20CH3OH-CG:
       Acceptance ratio = 0.5014
       Max displacement = 3.3675
Regularization Loss = 0
Descriptor Loss = 0.23747863
   
Total Average Loss = 0.36313224

Iteration 10...
   System 100CH3OH-CG:
       Acceptance ratio = 0.5015
       Max displacement = 1.3405
Regularization Loss = 0
Descriptor Loss = 0.80002292
   System 60CH3OH-CG:
       Acceptance ratio = 0.4988
       Max displacement = 1.8634
Regularization Loss = 0
Descriptor Loss = 0.19475929
   System 40CH3OH-CG:
       Acceptance ratio = 0.5009
       Max displacement = 2.1967
Regularization Loss = 0
Descriptor Loss = 0.2097027
   System 20CH3OH-CG:
       Acceptance ratio = 0.4989
       Max displacement = 3.4413
Regularization Loss = 0
Descriptor Loss = 0.25317876
   
Total Average Loss = 0.36441592

Iteration 11...
   System 100CH3OH-CG:
       Acceptance ratio = 0.4953
       Max displacement = 1.4176
Regularization Loss = 0
Descriptor Loss = 0.7981182
   System 60CH3OH-CG:
       Acceptance ratio = 0.5004
       Max displacement = 1.8578
Regularization Loss = 0
Descriptor Loss = 0.1791134
   System 40CH3OH-CG:
       Acceptance ratio = 0.4992
       Max displacement = 2.2453
Regularization Loss = 0
Descriptor Loss = 0.22138907
   System 20CH3OH-CG:
       Acceptance ratio = 0.4985
       Max displacement = 3.48
Regularization Loss = 0
Descriptor Loss = 0.26833937
   
Total Average Loss = 0.36674001

Iteration 12...
   System 100CH3OH-CG:
       Acceptance ratio = 0.4991
       Max displacement = 1.3265
Regularization Loss = 0
Descriptor Loss = 0.69070041
   System 60CH3OH-CG:
       Acceptance ratio = 0.501
       Max displacement = 1.8719
Regularization Loss = 0
Descriptor Loss = 0.16039308
   System 40CH3OH-CG:
       Acceptance ratio = 0.4976
       Max displacement = 2.2668
Regularization Loss = 0
Descriptor Loss = 0.19872597
   System 20CH3OH-CG:
       Acceptance ratio = 0.5021
       Max displacement = 3.4585
Regularization Loss = 0
Descriptor Loss = 0.27812862
   
Total Average Loss = 0.33198702

Iteration 13...
   System 100CH3OH-CG:
       Acceptance ratio = 0.5067
       Max displacement = 1.3514
Regularization Loss = 0
Descriptor Loss = 0.6613348
   System 60CH3OH-CG:
       Acceptance ratio = 0.499
       Max displacement = 1.895
Regularization Loss = 0
Descriptor Loss = 0.13940603
   System 40CH3OH-CG:
       Acceptance ratio = 0.4993
       Max displacement = 2.2806
Regularization Loss = 0
Descriptor Loss = 0.17776344
   System 20CH3OH-CG:
       Acceptance ratio = 0.5009
       Max displacement = 3.566
Regularization Loss = 0
Descriptor Loss = 0.29005838
   
Total Average Loss = 0.31714066

Iteration 14...
   System 100CH3OH-CG:
       Acceptance ratio = 0.5018
       Max displacement = 1.3608
Regularization Loss = 0
Descriptor Loss = 0.5816201
   System 60CH3OH-CG:
       Acceptance ratio = 0.4993
       Max displacement = 1.8923
Regularization Loss = 0
Descriptor Loss = 0.13245716
   System 40CH3OH-CG:
       Acceptance ratio = 0.5001
       Max displacement = 2.2847
Regularization Loss = 0
Descriptor Loss = 0.15391495
   System 20CH3OH-CG:
       Acceptance ratio = 0.4984
       Max displacement = 3.6557
Regularization Loss = 0
Descriptor Loss = 0.28576865
   
Total Average Loss = 0.28844022

Iteration 15...
   System 100CH3OH-CG:
       Acceptance ratio = 0.5015
       Max displacement = 1.3807
Regularization Loss = 0
Descriptor Loss = 0.52149592
   System 60CH3OH-CG:
       Acceptance ratio = 0.5043
       Max displacement = 1.8587
Regularization Loss = 0
Descriptor Loss = 0.12344659
   System 40CH3OH-CG:
       Acceptance ratio = 0.4996
       Max displacement = 2.3027
Regularization Loss = 0
Descriptor Loss = 0.12842218
   System 20CH3OH-CG:
       Acceptance ratio = 0.5029
       Max displacement = 3.6146
Regularization Loss = 0
Descriptor Loss = 0.2683465
   
Total Average Loss = 0.2604278

Iteration 16...
   System 100CH3OH-CG:
       Acceptance ratio = 0.5002
       Max displacement = 1.3502
Regularization Loss = 0
Descriptor Loss = 0.47122364
   System 60CH3OH-CG:
       Acceptance ratio = 0.5014
       Max displacement = 1.8896
Regularization Loss = 0
Descriptor Loss = 0.1314556
   System 40CH3OH-CG:
       Acceptance ratio = 0.4989
       Max displacement = 2.3194
Regularization Loss = 0
Descriptor Loss = 0.11027287
   System 20CH3OH-CG:
       Acceptance ratio = 0.5009
       Max displacement = 3.7444
Regularization Loss = 0
Descriptor Loss = 0.26221065
   
Total Average Loss = 0.24379069

Iteration 17...
   System 100CH3OH-CG:
       Acceptance ratio = 0.5
       Max displacement = 1.3562
Regularization Loss = 0
Descriptor Loss = 0.42754565
   System 60CH3OH-CG:
       Acceptance ratio = 0.499
       Max displacement = 1.9159
Regularization Loss = 0
Descriptor Loss = 0.14211086
   System 40CH3OH-CG:
       Acceptance ratio = 0.5027
       Max displacement = 2.287
Regularization Loss = 0
Descriptor Loss = 0.10302097
   System 20CH3OH-CG:
       Acceptance ratio = 0.4993
       Max displacement = 3.8257
Regularization Loss = 0
Descriptor Loss = 0.23205498
   
Total Average Loss = 0.22618312

Iteration 18...
   System 100CH3OH-CG:
       Acceptance ratio = 0.4998
       Max displacement = 1.3609
Regularization Loss = 0
Descriptor Loss = 0.40023956
   System 60CH3OH-CG:
       Acceptance ratio = 0.4998
       Max displacement = 1.8813
Regularization Loss = 0
Descriptor Loss = 0.19992761
   System 40CH3OH-CG:
       Acceptance ratio = 0.507
       Max displacement = 2.2502
Regularization Loss = 0
Descriptor Loss = 0.13057136
   System 20CH3OH-CG:
       Acceptance ratio = 0.501
       Max displacement = 3.8574
Regularization Loss = 0
Descriptor Loss = 0.23584783
   
Total Average Loss = 0.24164659

Iteration 19...
   System 100CH3OH-CG:
       Acceptance ratio = 0.4973
       Max displacement = 1.3608
Regularization Loss = 0
Descriptor Loss = 0.3887017
   System 60CH3OH-CG:
       Acceptance ratio = 0.5006
       Max displacement = 1.855
Regularization Loss = 0
Descriptor Loss = 0.26441018
   System 40CH3OH-CG:
       Acceptance ratio = 0.5034
       Max displacement = 2.2825
Regularization Loss = 0
Descriptor Loss = 0.1786276
   System 20CH3OH-CG:
       Acceptance ratio = 0.5033
       Max displacement = 3.8365
Regularization Loss = 0
Descriptor Loss = 0.21483416
   
Total Average Loss = 0.26164341

Iteration 20...
   System 100CH3OH-CG:
       Acceptance ratio = 0.5005
       Max displacement = 1.3283
Regularization Loss = 0
Descriptor Loss = 0.39044774
   System 60CH3OH-CG:
       Acceptance ratio = 0.4969
       Max displacement = 1.8951
Regularization Loss = 0
Descriptor Loss = 0.28940556
   System 40CH3OH-CG:
       Acceptance ratio = 0.5029
       Max displacement = 2.2641
Regularization Loss = 0
Descriptor Loss = 0.24530174
   System 20CH3OH-CG:
       Acceptance ratio = 0.4995
       Max displacement = 3.9028
Regularization Loss = 0
Descriptor Loss = 0.19225369
   
Total Average Loss = 0.27935218

Iteration 21...
   System 100CH3OH-CG:
       Acceptance ratio = 0.5003
       Max displacement = 1.3175
Regularization Loss = 0
Descriptor Loss = 0.40428215
   System 60CH3OH-CG:
       Acceptance ratio = 0.5002
       Max displacement = 1.8388
Regularization Loss = 0
Descriptor Loss = 0.37119343
   System 40CH3OH-CG:
       Acceptance ratio = 0.501
       Max displacement = 2.2798
Regularization Loss = 0
Descriptor Loss = 0.34171671
   System 20CH3OH-CG:
       Acceptance ratio = 0.5011
       Max displacement = 3.8661
Regularization Loss = 0
Descriptor Loss = 0.19086235
   
Total Average Loss = 0.32701366

Iteration 22...
   System 100CH3OH-CG:
       Acceptance ratio = 0.4975
       Max displacement = 1.3207
Regularization Loss = 0
Descriptor Loss = 0.4276173
   System 60CH3OH-CG:
       Acceptance ratio = 0.4993
       Max displacement = 1.8364
Regularization Loss = 0
Descriptor Loss = 0.42191258
   System 40CH3OH-CG:
       Acceptance ratio = 0.5022
       Max displacement = 2.2691
Regularization Loss = 0
Descriptor Loss = 0.4296935
   System 20CH3OH-CG:
       Acceptance ratio = 0.4978
       Max displacement = 3.8966
Regularization Loss = 0
Descriptor Loss = 0.19681451
   
Total Average Loss = 0.36900947

Iteration 23...
   System 100CH3OH-CG:
       Acceptance ratio = 0.4998
       Max displacement = 1.3107
Regularization Loss = 0
Descriptor Loss = 0.41083648
   System 60CH3OH-CG:
       Acceptance ratio = 0.4973
       Max displacement = 1.8573
Regularization Loss = 0
Descriptor Loss = 0.41562923
   System 40CH3OH-CG:
       Acceptance ratio = 0.5004
       Max displacement = 2.2475
Regularization Loss = 0
Descriptor Loss = 0.51137801
   System 20CH3OH-CG:
       Acceptance ratio = 0.4998
       Max displacement = 3.7978
Regularization Loss = 0
Descriptor Loss = 0.24672813
   
Total Average Loss = 0.39614296

Iteration 24...
   System 100CH3OH-CG:
       Acceptance ratio = 0.4993
       Max displacement = 1.3006
Regularization Loss = 0
Descriptor Loss = 0.43986339
   System 60CH3OH-CG:
       Acceptance ratio = 0.4991
       Max displacement = 1.8355
Regularization Loss = 0
Descriptor Loss = 0.42993236
   System 40CH3OH-CG:
       Acceptance ratio = 0.4948
       Max displacement = 2.2987
Regularization Loss = 0
Descriptor Loss = 0.54637231
   System 20CH3OH-CG:
       Acceptance ratio = 0.5002
       Max displacement = 3.6971
Regularization Loss = 0
Descriptor Loss = 0.30704043
   
Total Average Loss = 0.43080212

Iteration 25...
   System 100CH3OH-CG:
       Acceptance ratio = 0.5019
       Max displacement = 1.3266
Regularization Loss = 0
Descriptor Loss = 0.38306503
   System 60CH3OH-CG:
       Acceptance ratio = 0.5028
       Max displacement = 1.811
Regularization Loss = 0
Descriptor Loss = 0.39472171
   System 40CH3OH-CG:
       Acceptance ratio = 0.4961
       Max displacement = 2.2768
Regularization Loss = 0
Descriptor Loss = 0.49680576
   System 20CH3OH-CG:
       Acceptance ratio = 0.4989
       Max displacement = 3.6783
Regularization Loss = 0
Descriptor Loss = 0.33633017
   
Total Average Loss = 0.40273067

Iteration 26...
   System 100CH3OH-CG:
       Acceptance ratio = 0.5024
       Max displacement = 1.3184
Regularization Loss = 0
Descriptor Loss = 0.38776219
   System 60CH3OH-CG:
       Acceptance ratio = 0.4996
       Max displacement = 1.8515
Regularization Loss = 0
Descriptor Loss = 0.33273197
   System 40CH3OH-CG:
       Acceptance ratio = 0.4992
       Max displacement = 2.2578
Regularization Loss = 0
Descriptor Loss = 0.41196687
   System 20CH3OH-CG:
       Acceptance ratio = 0.4956
       Max displacement = 3.6863
Regularization Loss = 0
Descriptor Loss = 0.34382229
   
Total Average Loss = 0.36907083

Iteration 27...
   System 100CH3OH-CG:
       Acceptance ratio = 0.5019
       Max displacement = 1.3607
Regularization Loss = 0
Descriptor Loss = 0.36481482
   System 60CH3OH-CG:
       Acceptance ratio = 0.4968
       Max displacement = 1.8879
Regularization Loss = 0
Descriptor Loss = 0.27499779
   System 40CH3OH-CG:
       Acceptance ratio = 0.4999
       Max displacement = 2.2579
Regularization Loss = 0
Descriptor Loss = 0.3201086
   System 20CH3OH-CG:
       Acceptance ratio = 0.4982
       Max displacement = 3.6117
Regularization Loss = 0
Descriptor Loss = 0.29371708
   
Total Average Loss = 0.31340957

Iteration 28...
   System 100CH3OH-CG:
       Acceptance ratio = 0.5037
       Max displacement = 1.3559
Regularization Loss = 0
Descriptor Loss = 0.38345532
   System 60CH3OH-CG:
       Acceptance ratio = 0.5004
       Max displacement = 1.8619
Regularization Loss = 0
Descriptor Loss = 0.2410045
   System 40CH3OH-CG:
       Acceptance ratio = 0.5018
       Max displacement = 2.2637
Regularization Loss = 0
Descriptor Loss = 0.23677689
   System 20CH3OH-CG:
       Acceptance ratio = 0.5035
       Max displacement = 3.498
Regularization Loss = 0
Descriptor Loss = 0.22633411
   
Total Average Loss = 0.2718927

Iteration 29...
   System 100CH3OH-CG:
       Acceptance ratio = 0.4993
       Max displacement = 1.3617
Regularization Loss = 0
Descriptor Loss = 0.41227441
   System 60CH3OH-CG:
       Acceptance ratio = 0.5014
       Max displacement = 1.851
Regularization Loss = 0
Descriptor Loss = 0.21124722
   System 40CH3OH-CG:
       Acceptance ratio = 0.5014
       Max displacement = 2.2638
Regularization Loss = 0
Descriptor Loss = 0.1800204
   System 20CH3OH-CG:
       Acceptance ratio = 0.4988
       Max displacement = 3.5779
Regularization Loss = 0
Descriptor Loss = 0.19572742
   
Total Average Loss = 0.24981736

Iteration 30...
   System 100CH3OH-CG:
       Acceptance ratio = 0.4987
       Max displacement = 1.3598
Regularization Loss = 0
Descriptor Loss = 0.43787089
   System 60CH3OH-CG:
       Acceptance ratio = 0.4974
       Max displacement = 1.9066
Regularization Loss = 0
Descriptor Loss = 0.16493548
   System 40CH3OH-CG:
       Acceptance ratio = 0.5036
       Max displacement = 2.2643
Regularization Loss = 0
Descriptor Loss = 0.13354956
   System 20CH3OH-CG:
       Acceptance ratio = 0.4989
       Max displacement = 3.5134
Regularization Loss = 0
Descriptor Loss = 0.18534186
   
Total Average Loss = 0.23042445

Iteration 31...
   System 100CH3OH-CG:
       Acceptance ratio = 0.497
       Max displacement = 1.367
Regularization Loss = 0
Descriptor Loss = 0.46149625
   System 60CH3OH-CG:
       Acceptance ratio = 0.5006
       Max displacement = 1.8928
Regularization Loss = 0
Descriptor Loss = 0.14371254
   System 40CH3OH-CG:
       Acceptance ratio = 0.4993
       Max displacement = 2.3047
Regularization Loss = 0
Descriptor Loss = 0.12235791
   System 20CH3OH-CG:
       Acceptance ratio = 0.5042
       Max displacement = 3.4438
Regularization Loss = 0
Descriptor Loss = 0.18438763
   
Total Average Loss = 0.22798858

Iteration 32...
   System 100CH3OH-CG:
       Acceptance ratio = 0.4991
       Max displacement = 1.3742
Regularization Loss = 0
Descriptor Loss = 0.49641894
   System 60CH3OH-CG:
       Acceptance ratio = 0.4991
       Max displacement = 1.8808
Regularization Loss = 0
Descriptor Loss = 0.13811808
   System 40CH3OH-CG:
       Acceptance ratio = 0.502
       Max displacement = 2.2979
Regularization Loss = 0
Descriptor Loss = 0.1165955
   System 20CH3OH-CG:
       Acceptance ratio = 0.4985
       Max displacement = 3.5302
Regularization Loss = 0
Descriptor Loss = 0.15882519
   
Total Average Loss = 0.22748943

Iteration 33...
   System 100CH3OH-CG:
       Acceptance ratio = 0.4968
       Max displacement = 1.3678
Regularization Loss = 0
Descriptor Loss = 0.53565023
   System 60CH3OH-CG:
       Acceptance ratio = 0.5016
       Max displacement = 1.8878
Regularization Loss = 0
Descriptor Loss = 0.1267908
   System 40CH3OH-CG:
       Acceptance ratio = 0.5009
       Max displacement = 2.3046
Regularization Loss = 0
Descriptor Loss = 0.12930461
   System 20CH3OH-CG:
       Acceptance ratio = 0.4963
       Max displacement = 3.5633
Regularization Loss = 0
Descriptor Loss = 0.16433495
   
Total Average Loss = 0.23902015

Iteration 34...
   System 100CH3OH-CG:
       Acceptance ratio = 0.5005
       Max displacement = 1.3586
Regularization Loss = 0
Descriptor Loss = 0.56720233
   System 60CH3OH-CG:
       Acceptance ratio = 0.5008
       Max displacement = 1.8669
Regularization Loss = 0
Descriptor Loss = 0.12861255
   System 40CH3OH-CG:
       Acceptance ratio = 0.5017
       Max displacement = 2.2998
Regularization Loss = 0
Descriptor Loss = 0.16039892
   System 20CH3OH-CG:
       Acceptance ratio = 0.4991
       Max displacement = 3.5143
Regularization Loss = 0
Descriptor Loss = 0.19911534
   
Total Average Loss = 0.26383228

Iteration 35...
   System 100CH3OH-CG:
       Acceptance ratio = 0.5028
       Max displacement = 1.3438
Regularization Loss = 0
Descriptor Loss = 0.59410286
   System 60CH3OH-CG:
       Acceptance ratio = 0.4997
       Max displacement = 1.9229
Regularization Loss = 0
Descriptor Loss = 0.1322411
   System 40CH3OH-CG:
       Acceptance ratio = 0.5015
       Max displacement = 2.3089
Regularization Loss = 0
Descriptor Loss = 0.1892914
   System 20CH3OH-CG:
       Acceptance ratio = 0.5023
       Max displacement = 3.4595
Regularization Loss = 0
Descriptor Loss = 0.23594467
   
Total Average Loss = 0.28789501

Iteration 36...
   System 100CH3OH-CG:
       Acceptance ratio = 0.5003
       Max displacement = 1.3879
Regularization Loss = 0
Descriptor Loss = 0.66134291
   System 60CH3OH-CG:
       Acceptance ratio = 0.5021
       Max displacement = 1.9048
Regularization Loss = 0
Descriptor Loss = 0.14321143
   System 40CH3OH-CG:
       Acceptance ratio = 0.4968
       Max displacement = 2.3588
Regularization Loss = 0
Descriptor Loss = 0.23588077
   System 20CH3OH-CG:
       Acceptance ratio = 0.4965
       Max displacement = 3.5999
Regularization Loss = 0
Descriptor Loss = 0.30387962
   
Total Average Loss = 0.33607868

Iteration 37...
   System 100CH3OH-CG:
       Acceptance ratio = 0.5045
       Max displacement = 1.3602
Regularization Loss = 0
Descriptor Loss = 0.68522547
   System 60CH3OH-CG:
       Acceptance ratio = 0.5017
       Max displacement = 1.9042
Regularization Loss = 0
Descriptor Loss = 0.1504407
   System 40CH3OH-CG:
       Acceptance ratio = 0.4968
       Max displacement = 2.3565
Regularization Loss = 0
Descriptor Loss = 0.27268732
   System 20CH3OH-CG:
       Acceptance ratio = 0.4976
       Max displacement = 3.6185
Regularization Loss = 0
Descriptor Loss = 0.37460274
   
Total Average Loss = 0.37073906

Iteration 38...
   System 100CH3OH-CG:
       Acceptance ratio = 0.5009
       Max displacement = 1.3921
Regularization Loss = 0
Descriptor Loss = 0.70482097
   System 60CH3OH-CG:
       Acceptance ratio = 0.4946
       Max displacement = 1.9637
Regularization Loss = 0
Descriptor Loss = 0.16461745
   System 40CH3OH-CG:
       Acceptance ratio = 0.4976
       Max displacement = 2.3537
Regularization Loss = 0
Descriptor Loss = 0.30365059
   System 20CH3OH-CG:
       Acceptance ratio = 0.5016
       Max displacement = 3.5495
Regularization Loss = 0
Descriptor Loss = 0.4480723
   
Total Average Loss = 0.40529033

Iteration 39...
   System 100CH3OH-CG:
       Acceptance ratio = 0.5039
       Max displacement = 1.348
Regularization Loss = 0
Descriptor Loss = 0.68159079
   System 60CH3OH-CG:
       Acceptance ratio = 0.4969
       Max displacement = 1.9288
Regularization Loss = 0
Descriptor Loss = 0.15824395
   System 40CH3OH-CG:
       Acceptance ratio = 0.5007
       Max displacement = 2.3292
Regularization Loss = 0
Descriptor Loss = 0.33986619
   System 20CH3OH-CG:
       Acceptance ratio = 0.4996
       Max displacement = 3.6098
Regularization Loss = 0
Descriptor Loss = 0.53027754
   
Total Average Loss = 0.42749462

Iteration 40...
   System 100CH3OH-CG:
       Acceptance ratio = 0.5003
       Max displacement = 1.3617
Regularization Loss = 0
Descriptor Loss = 0.69786383
   System 60CH3OH-CG:
       Acceptance ratio = 0.5001
       Max displacement = 1.9182
Regularization Loss = 0
Descriptor Loss = 0.17274687
   System 40CH3OH-CG:
       Acceptance ratio = 0.4996
       Max displacement = 2.3374
Regularization Loss = 0
Descriptor Loss = 0.37918923
   System 20CH3OH-CG:
       Acceptance ratio = 0.501
       Max displacement = 3.6604
Regularization Loss = 0
Descriptor Loss = 0.61309898
   
Total Average Loss = 0.46572473

Iteration 41...
   System 100CH3OH-CG:
       Acceptance ratio = 0.502
       Max displacement = 1.4015
Regularization Loss = 0
Descriptor Loss = 0.74953162
   System 60CH3OH-CG:
       Acceptance ratio = 0.4998
       Max displacement = 1.8948
Regularization Loss = 0
Descriptor Loss = 0.16005335
   System 40CH3OH-CG:
       Acceptance ratio = 0.5032
       Max displacement = 2.3209
Regularization Loss = 0
Descriptor Loss = 0.41863503
   System 20CH3OH-CG:
       Acceptance ratio = 0.4985
       Max displacement = 3.7183
Regularization Loss = 0
Descriptor Loss = 0.69557542
   
Total Average Loss = 0.50594885

Iteration 42...
   System 100CH3OH-CG:
       Acceptance ratio = 0.5033
       Max displacement = 1.3589
Regularization Loss = 0
Descriptor Loss = 0.68372673
   System 60CH3OH-CG:
       Acceptance ratio = 0.4986
       Max displacement = 1.9324
Regularization Loss = 0
Descriptor Loss = 0.18395245
   System 40CH3OH-CG:
       Acceptance ratio = 0.5028
       Max displacement = 2.3239
Regularization Loss = 0
Descriptor Loss = 0.42090741
   System 20CH3OH-CG:
       Acceptance ratio = 0.4995
       Max displacement = 3.7391
Regularization Loss = 0
Descriptor Loss = 0.77263351
   
Total Average Loss = 0.51530503

Iteration 43...
   System 100CH3OH-CG:
       Acceptance ratio = 0.4999
       Max displacement = 1.3863
Regularization Loss = 0
Descriptor Loss = 0.68387974
   System 60CH3OH-CG:
       Acceptance ratio = 0.4948
       Max displacement = 1.962
Regularization Loss = 0
Descriptor Loss = 0.18622988
   System 40CH3OH-CG:
       Acceptance ratio = 0.5011
       Max displacement = 2.3282
Regularization Loss = 0
Descriptor Loss = 0.39782136
   System 20CH3OH-CG:
       Acceptance ratio = 0.4976
       Max displacement = 3.8065
Regularization Loss = 0
Descriptor Loss = 0.79684476
   
Total Average Loss = 0.51619393

Iteration 44...
   System 100CH3OH-CG:
       Acceptance ratio = 0.497
       Max displacement = 1.396
Regularization Loss = 0
Descriptor Loss = 0.64302219
   System 60CH3OH-CG:
       Acceptance ratio = 0.4993
       Max displacement = 1.9048
Regularization Loss = 0
Descriptor Loss = 0.15911256
   System 40CH3OH-CG:
       Acceptance ratio = 0.4986
       Max displacement = 2.3611
Regularization Loss = 0
Descriptor Loss = 0.39613153
   System 20CH3OH-CG:
       Acceptance ratio = 0.5025
       Max displacement = 3.7472
Regularization Loss = 0
Descriptor Loss = 0.8293523
   
Total Average Loss = 0.50690465

Iteration 45...
   System 100CH3OH-CG:
       Acceptance ratio = 0.4991
       Max displacement = 1.3994
Regularization Loss = 0
Descriptor Loss = 0.63107453
   System 60CH3OH-CG:
       Acceptance ratio = 0.5016
       Max displacement = 1.8795
Regularization Loss = 0
Descriptor Loss = 0.14768279
   System 40CH3OH-CG:
       Acceptance ratio = 0.4994
       Max displacement = 2.3395
Regularization Loss = 0
Descriptor Loss = 0.3533609
   System 20CH3OH-CG:
       Acceptance ratio = 0.503
       Max displacement = 3.734
Regularization Loss = 0
Descriptor Loss = 0.82564362
   
Total Average Loss = 0.48944046

Iteration 46...
   System 100CH3OH-CG:
       Acceptance ratio = 0.4986
       Max displacement = 1.3953
Regularization Loss = 0
Descriptor Loss = 0.59595582
   System 60CH3OH-CG:
       Acceptance ratio = 0.5
       Max displacement = 1.9188
Regularization Loss = 0
Descriptor Loss = 0.16051421
   System 40CH3OH-CG:
       Acceptance ratio = 0.5016
       Max displacement = 2.3212
Regularization Loss = 0
Descriptor Loss = 0.32029421
   System 20CH3OH-CG:
       Acceptance ratio = 0.5028
       Max displacement = 3.7979
Regularization Loss = 0
Descriptor Loss = 0.82261967
   
Total Average Loss = 0.47484598

Iteration 47...
   System 100CH3OH-CG:
       Acceptance ratio = 0.5008
       Max displacement = 1.3809
Regularization Loss = 0
Descriptor Loss = 0.56727867
   System 60CH3OH-CG:
       Acceptance ratio = 0.4985
       Max displacement = 1.9029
Regularization Loss = 0
Descriptor Loss = 0.13491983
   System 40CH3OH-CG:
       Acceptance ratio = 0.4996
       Max displacement = 2.3406
Regularization Loss = 0
Descriptor Loss = 0.27717502
   System 20CH3OH-CG:
       Acceptance ratio = 0.5033
       Max displacement = 3.7973
Regularization Loss = 0
Descriptor Loss = 0.8027821
   
Total Average Loss = 0.44553891

Iteration 48...
   System 100CH3OH-CG:
       Acceptance ratio = 0.5012
       Max displacement = 1.4084
Regularization Loss = 0
Descriptor Loss = 0.54787128
   System 60CH3OH-CG:
       Acceptance ratio = 0.5033
       Max displacement = 1.8698
Regularization Loss = 0
Descriptor Loss = 0.12838624
   System 40CH3OH-CG:
       Acceptance ratio = 0.4994
       Max displacement = 2.3412
Regularization Loss = 0
Descriptor Loss = 0.23769821
   System 20CH3OH-CG:
       Acceptance ratio = 0.5003
       Max displacement = 3.8721
Regularization Loss = 0
Descriptor Loss = 0.74377798
   
Total Average Loss = 0.41443343

Iteration 49...
   System 100CH3OH-CG:
       Acceptance ratio = 0.5002
       Max displacement = 1.3838
Regularization Loss = 0
Descriptor Loss = 0.49275575
   System 60CH3OH-CG:
       Acceptance ratio = 0.5034
       Max displacement = 1.8605
Regularization Loss = 0
Descriptor Loss = 0.11922556
   System 40CH3OH-CG:
       Acceptance ratio = 0.4985
       Max displacement = 2.3304
Regularization Loss = 0
Descriptor Loss = 0.19068997
   System 20CH3OH-CG:
       Acceptance ratio = 0.5045
       Max displacement = 3.8128
Regularization Loss = 0
Descriptor Loss = 0.71895398
   
Total Average Loss = 0.38040631

Iteration 50...
   System 100CH3OH-CG:
       Acceptance ratio = 0.5026
       Max displacement = 1.3558
Regularization Loss = 0
Descriptor Loss = 0.45312221
   System 60CH3OH-CG:
       Acceptance ratio = 0.5026
       Max displacement = 1.855
Regularization Loss = 0
Descriptor Loss = 0.11705769
   System 40CH3OH-CG:
       Acceptance ratio = 0.4989
       Max displacement = 2.3366
Regularization Loss = 0
Descriptor Loss = 0.16676733
   System 20CH3OH-CG:
       Acceptance ratio = 0.499
       Max displacement = 3.9733
Regularization Loss = 0
Descriptor Loss = 0.69149975
   
Total Average Loss = 0.35711175

Iteration 51...
   System 100CH3OH-CG:
       Acceptance ratio = 0.5019
       Max displacement = 1.3437
Regularization Loss = 0
Descriptor Loss = 0.43192726
   System 60CH3OH-CG:
       Acceptance ratio = 0.4982
       Max displacement = 1.9016
Regularization Loss = 0
Descriptor Loss = 0.11483156
   System 40CH3OH-CG:
       Acceptance ratio = 0.4992
       Max displacement = 2.3348
Regularization Loss = 0
Descriptor Loss = 0.13399384
   System 20CH3OH-CG:
       Acceptance ratio = 0.5005
       Max displacement = 3.9783
Regularization Loss = 0
Descriptor Loss = 0.67485689
   
Total Average Loss = 0.33890239

Iteration 52...
   System 100CH3OH-CG:
       Acceptance ratio = 0.4993
       Max displacement = 1.383
Regularization Loss = 0
Descriptor Loss = 0.41760306
   System 60CH3OH-CG:
       Acceptance ratio = 0.4992
       Max displacement = 1.8732
Regularization Loss = 0
Descriptor Loss = 0.12127673
   System 40CH3OH-CG:
       Acceptance ratio = 0.5002
       Max displacement = 2.3202
Regularization Loss = 0
Descriptor Loss = 0.1207724
   System 20CH3OH-CG:
       Acceptance ratio = 0.5034
       Max displacement = 3.9704
Regularization Loss = 0
Descriptor Loss = 0.64799666
   
Total Average Loss = 0.32691221

Iteration 53...
   System 100CH3OH-CG:
       Acceptance ratio = 0.5024
       Max displacement = 1.3512
Regularization Loss = 0
Descriptor Loss = 0.39307437
   System 60CH3OH-CG:
       Acceptance ratio = 0.4976
       Max displacement = 1.8825
Regularization Loss = 0
Descriptor Loss = 0.124463
   System 40CH3OH-CG:
       Acceptance ratio = 0.4996
       Max displacement = 2.3267
Regularization Loss = 0
Descriptor Loss = 0.10189981
   System 20CH3OH-CG:
       Acceptance ratio = 0.5036
       Max displacement = 4.0253
Regularization Loss = 0
Descriptor Loss = 0.63260016
   
Total Average Loss = 0.31300934

Iteration 54...
   System 100CH3OH-CG:
       Acceptance ratio = 0.498
       Max displacement = 1.3702
Regularization Loss = 0
Descriptor Loss = 0.37735928
   System 60CH3OH-CG:
       Acceptance ratio = 0.4992
       Max displacement = 1.8844
Regularization Loss = 0
Descriptor Loss = 0.12980117
   System 40CH3OH-CG:
       Acceptance ratio = 0.4994
       Max displacement = 2.355
Regularization Loss = 0
Descriptor Loss = 0.09838032
   System 20CH3OH-CG:
       Acceptance ratio = 0.5011
       Max displacement = 4.0521
Regularization Loss = 0
Descriptor Loss = 0.57930903
   
Total Average Loss = 0.29621245

Iteration 55...
   System 100CH3OH-CG:
       Acceptance ratio = 0.4971
       Max displacement = 1.3574
Regularization Loss = 0
Descriptor Loss = 0.37090376
   System 60CH3OH-CG:
       Acceptance ratio = 0.5009
       Max displacement = 1.8464
Regularization Loss = 0
Descriptor Loss = 0.15352413
   System 40CH3OH-CG:
       Acceptance ratio = 0.5003
       Max displacement = 2.3294
Regularization Loss = 0
Descriptor Loss = 0.09532562
   System 20CH3OH-CG:
       Acceptance ratio = 0.5
       Max displacement = 4.1034
Regularization Loss = 0
Descriptor Loss = 0.57035095
   
Total Average Loss = 0.29752612

Iteration 56...
   System 100CH3OH-CG:
       Acceptance ratio = 0.5005
       Max displacement = 1.3719
Regularization Loss = 0
Descriptor Loss = 0.34544026
   System 60CH3OH-CG:
       Acceptance ratio = 0.5006
       Max displacement = 1.8431
Regularization Loss = 0
Descriptor Loss = 0.1703015
   System 40CH3OH-CG:
       Acceptance ratio = 0.5047
       Max displacement = 2.2673
Regularization Loss = 0
Descriptor Loss = 0.10120144
   System 20CH3OH-CG:
       Acceptance ratio = 0.4995
       Max displacement = 4.1451
Regularization Loss = 0
Descriptor Loss = 0.54040423
   
Total Average Loss = 0.28933686

Iteration 57...
   System 100CH3OH-CG:
       Acceptance ratio = 0.4999
       Max displacement = 1.3367
Regularization Loss = 0
Descriptor Loss = 0.36475973
   System 60CH3OH-CG:
       Acceptance ratio = 0.4974
       Max displacement = 1.8626
Regularization Loss = 0
Descriptor Loss = 0.18665929
   System 40CH3OH-CG:
       Acceptance ratio = 0.502
       Max displacement = 2.3029
Regularization Loss = 0
Descriptor Loss = 0.11180907
   System 20CH3OH-CG:
       Acceptance ratio = 0.5005
       Max displacement = 4.2056
Regularization Loss = 0
Descriptor Loss = 0.53474399
   
Total Average Loss = 0.29949302

Iteration 58...
   System 100CH3OH-CG:
       Acceptance ratio = 0.4996
       Max displacement = 1.2888
Regularization Loss = 0
Descriptor Loss = 0.40931543
   System 60CH3OH-CG:
       Acceptance ratio = 0.4971
       Max displacement = 1.8499
Regularization Loss = 0
Descriptor Loss = 0.2254112
   System 40CH3OH-CG:
       Acceptance ratio = 0.499
       Max displacement = 2.3231
Regularization Loss = 0
Descriptor Loss = 0.13907607
   System 20CH3OH-CG:
       Acceptance ratio = 0.5033
       Max displacement = 4.106
Regularization Loss = 0
Descriptor Loss = 0.48108891
   
Total Average Loss = 0.3137229

Iteration 59...
   System 100CH3OH-CG:
       Acceptance ratio = 0.5039
       Max displacement = 1.3441
Regularization Loss = 0
Descriptor Loss = 0.32814068
   System 60CH3OH-CG:
       Acceptance ratio = 0.5019
       Max displacement = 1.8065
Regularization Loss = 0
Descriptor Loss = 0.23872456
   System 40CH3OH-CG:
       Acceptance ratio = 0.4958
       Max displacement = 2.3574
Regularization Loss = 0
Descriptor Loss = 0.15606941
   System 20CH3OH-CG:
       Acceptance ratio = 0.5
       Max displacement = 4.1843
Regularization Loss = 0
Descriptor Loss = 0.44552495
   
Total Average Loss = 0.2921149

Iteration 60...
   System 100CH3OH-CG:
       Acceptance ratio = 0.4996
       Max displacement = 1.3196
Regularization Loss = 0
Descriptor Loss = 0.36209622
   System 60CH3OH-CG:
       Acceptance ratio = 0.4973
       Max displacement = 1.8345
Regularization Loss = 0
Descriptor Loss = 0.25340108
   System 40CH3OH-CG:
       Acceptance ratio = 0.5001
       Max displacement = 2.2751
Regularization Loss = 0
Descriptor Loss = 0.20989004
   System 20CH3OH-CG:
       Acceptance ratio = 0.501
       Max displacement = 4.16
Regularization Loss = 0
Descriptor Loss = 0.41327675
   
Total Average Loss = 0.30966602

Iteration 61...
   System 100CH3OH-CG:
       Acceptance ratio = 0.4984
       Max displacement = 1.3178
Regularization Loss = 0
Descriptor Loss = 0.37143532
   System 60CH3OH-CG:
       Acceptance ratio = 0.5001
       Max displacement = 1.817
Regularization Loss = 0
Descriptor Loss = 0.26807341
   System 40CH3OH-CG:
       Acceptance ratio = 0.4992
       Max displacement = 2.2842
Regularization Loss = 0
Descriptor Loss = 0.22439999
   System 20CH3OH-CG:
       Acceptance ratio = 0.497
       Max displacement = 4.2525
Regularization Loss = 0
Descriptor Loss = 0.39202049
   
Total Average Loss = 0.3139823

Iteration 62...
   System 100CH3OH-CG:
       Acceptance ratio = 0.4976
       Max displacement = 1.3227
Regularization Loss = 0
Descriptor Loss = 0.3682611
   System 60CH3OH-CG:
       Acceptance ratio = 0.4981
       Max displacement = 1.8203
Regularization Loss = 0
Descriptor Loss = 0.28668378
   System 40CH3OH-CG:
       Acceptance ratio = 0.4996
       Max displacement = 2.2806
Regularization Loss = 0
Descriptor Loss = 0.27068731
   System 20CH3OH-CG:
       Acceptance ratio = 0.5037
       Max displacement = 4.0568
Regularization Loss = 0
Descriptor Loss = 0.32830772
   
Total Average Loss = 0.31348498

Iteration 63...
   System 100CH3OH-CG:
       Acceptance ratio = 0.4987
       Max displacement = 1.3442
Regularization Loss = 0
Descriptor Loss = 0.34511772
   System 60CH3OH-CG:
       Acceptance ratio = 0.498
       Max displacement = 1.8146
Regularization Loss = 0
Descriptor Loss = 0.31927597
   System 40CH3OH-CG:
       Acceptance ratio = 0.5033
       Max displacement = 2.2037
Regularization Loss = 0
Descriptor Loss = 0.33886012
   System 20CH3OH-CG:
       Acceptance ratio = 0.5007
       Max displacement = 4.1144
Regularization Loss = 0
Descriptor Loss = 0.28435552
   
Total Average Loss = 0.32190233

Iteration 64...
   System 100CH3OH-CG:
       Acceptance ratio = 0.4978
       Max displacement = 1.3432
Regularization Loss = 0
Descriptor Loss = 0.33835967
   System 60CH3OH-CG:
       Acceptance ratio = 0.4968
       Max displacement = 1.8092
Regularization Loss = 0
Descriptor Loss = 0.37192873
   System 40CH3OH-CG:
       Acceptance ratio = 0.5031
       Max displacement = 2.1876
Regularization Loss = 0
Descriptor Loss = 0.43940346
   System 20CH3OH-CG:
       Acceptance ratio = 0.5015
       Max displacement = 4.0324
Regularization Loss = 0
Descriptor Loss = 0.22203253
   
Total Average Loss = 0.3429311

Iteration 65...
   System 100CH3OH-CG:
       Acceptance ratio = 0.5007
       Max displacement = 1.2731
Regularization Loss = 0
Descriptor Loss = 0.4183968
   System 60CH3OH-CG:
       Acceptance ratio = 0.5059
       Max displacement = 1.7426
Regularization Loss = 0
Descriptor Loss = 0.39634275
   System 40CH3OH-CG:
       Acceptance ratio = 0.5006
       Max displacement = 2.1972
Regularization Loss = 0
Descriptor Loss = 0.53208893
   System 20CH3OH-CG:
       Acceptance ratio = 0.4993
       Max displacement = 4.0396
Regularization Loss = 0
Descriptor Loss = 0.18513841
   
Total Average Loss = 0.38299172

Iteration 66...
   System 100CH3OH-CG:
       Acceptance ratio = 0.499
       Max displacement = 1.308
Regularization Loss = 0
Descriptor Loss = 0.37763803
   System 60CH3OH-CG:
       Acceptance ratio = 0.4992
       Max displacement = 1.76
Regularization Loss = 0
Descriptor Loss = 0.44956342
   System 40CH3OH-CG:
       Acceptance ratio = 0.5008
       Max displacement = 2.169
Regularization Loss = 0
Descriptor Loss = 0.63613958
   System 20CH3OH-CG:
       Acceptance ratio = 0.4993
       Max displacement = 3.939
Regularization Loss = 0
Descriptor Loss = 0.1683173
   
Total Average Loss = 0.40791458

Iteration 67...
   System 100CH3OH-CG:
       Acceptance ratio = 0.497
       Max displacement = 1.3113
Regularization Loss = 0
Descriptor Loss = 0.3876673
   System 60CH3OH-CG:
       Acceptance ratio = 0.4956
       Max displacement = 1.8071
Regularization Loss = 0
Descriptor Loss = 0.43226807
   System 40CH3OH-CG:
       Acceptance ratio = 0.5037
       Max displacement = 2.1331
Regularization Loss = 0
Descriptor Loss = 0.7062481
   System 20CH3OH-CG:
       Acceptance ratio = 0.4991
       Max displacement = 3.8872
Regularization Loss = 0
Descriptor Loss = 0.19443343
   
Total Average Loss = 0.43015422

Iteration 68...
   System 100CH3OH-CG:
       Acceptance ratio = 0.5014
       Max displacement = 1.264
Regularization Loss = 0
Descriptor Loss = 0.43513764
   System 60CH3OH-CG:
       Acceptance ratio = 0.5039
       Max displacement = 1.7381
Regularization Loss = 0
Descriptor Loss = 0.43986266
   System 40CH3OH-CG:
       Acceptance ratio = 0.5043
       Max displacement = 2.1171
Regularization Loss = 0
Descriptor Loss = 0.73715111
   System 20CH3OH-CG:
       Acceptance ratio = 0.4988
       Max displacement = 3.813
Regularization Loss = 0
Descriptor Loss = 0.25239582
   
Total Average Loss = 0.46613681

Iteration 69...
   System 100CH3OH-CG:
       Acceptance ratio = 0.499
       Max displacement = 1.3008
Regularization Loss = 0
Descriptor Loss = 0.39820626
   System 60CH3OH-CG:
       Acceptance ratio = 0.4999
       Max displacement = 1.7675
Regularization Loss = 0
Descriptor Loss = 0.41971401
   System 40CH3OH-CG:
       Acceptance ratio = 0.5019
       Max displacement = 2.154
Regularization Loss = 0
Descriptor Loss = 0.73563905
   System 20CH3OH-CG:
       Acceptance ratio = 0.4995
       Max displacement = 3.6921
Regularization Loss = 0
Descriptor Loss = 0.36580274
   
Total Average Loss = 0.47984051

Iteration 70...
   System 100CH3OH-CG:
       Acceptance ratio = 0.5
       Max displacement = 1.3137
Regularization Loss = 0
Descriptor Loss = 0.38136287
   System 60CH3OH-CG:
       Acceptance ratio = 0.4975
       Max displacement = 1.802
Regularization Loss = 0
Descriptor Loss = 0.38502732
   System 40CH3OH-CG:
       Acceptance ratio = 0.4979
       Max displacement = 2.1778
Regularization Loss = 0
Descriptor Loss = 0.66110184
   System 20CH3OH-CG:
       Acceptance ratio = 0.5077
       Max displacement = 3.508
Regularization Loss = 0
Descriptor Loss = 0.35425234
   
Total Average Loss = 0.44543609

Iteration 71...
   System 100CH3OH-CG:
       Acceptance ratio = 0.5031
       Max displacement = 1.3311
Regularization Loss = 0
Descriptor Loss = 0.35970089
   System 60CH3OH-CG:
       Acceptance ratio = 0.4958
       Max displacement = 1.8222
Regularization Loss = 0
Descriptor Loss = 0.35142121
   System 40CH3OH-CG:
       Acceptance ratio = 0.4983
       Max displacement = 2.1709
Regularization Loss = 0
Descriptor Loss = 0.60198165
   System 20CH3OH-CG:
       Acceptance ratio = 0.5008
       Max displacement = 3.6182
Regularization Loss = 0
Descriptor Loss = 0.34580271
   
Total Average Loss = 0.41472662

Iteration 72...
   System 100CH3OH-CG:
       Acceptance ratio = 0.5031
       Max displacement = 1.3303
Regularization Loss = 0
Descriptor Loss = 0.36880443
   System 60CH3OH-CG:
       Acceptance ratio = 0.4971
       Max displacement = 1.8347
Regularization Loss = 0
Descriptor Loss = 0.29375927
   System 40CH3OH-CG:
       Acceptance ratio = 0.5026
       Max displacement = 2.157
Regularization Loss = 0
Descriptor Loss = 0.47151243
   System 20CH3OH-CG:
       Acceptance ratio = 0.4986
       Max displacement = 3.6397
Regularization Loss = 0
Descriptor Loss = 0.31735819
   
Total Average Loss = 0.36285858

Iteration 73...
   System 100CH3OH-CG:
       Acceptance ratio = 0.5012
       Max displacement = 1.3204
Regularization Loss = 0
Descriptor Loss = 0.40178308
   System 60CH3OH-CG:
       Acceptance ratio = 0.5007
       Max displacement = 1.7863
Regularization Loss = 0
Descriptor Loss = 0.27937519
   System 40CH3OH-CG:
       Acceptance ratio = 0.4995
       Max displacement = 2.1933
Regularization Loss = 0
Descriptor Loss = 0.37489517
   System 20CH3OH-CG:
       Acceptance ratio = 0.5033
       Max displacement = 3.5366
Regularization Loss = 0
Descriptor Loss = 0.28429158
   
Total Average Loss = 0.33508626

Iteration 74...
   System 100CH3OH-CG:
       Acceptance ratio = 0.5004
       Max displacement = 1.315
Regularization Loss = 0
Descriptor Loss = 0.41770967
   System 60CH3OH-CG:
       Acceptance ratio = 0.4983
       Max displacement = 1.8251
Regularization Loss = 0
Descriptor Loss = 0.22778687
   System 40CH3OH-CG:
       Acceptance ratio = 0.4984
       Max displacement = 2.2281
Regularization Loss = 0
Descriptor Loss = 0.30056568
   System 20CH3OH-CG:
       Acceptance ratio = 0.4972
       Max displacement = 3.7072
Regularization Loss = 0
Descriptor Loss = 0.19423981
   
Total Average Loss = 0.28507551

Iteration 75...
   System 100CH3OH-CG:
       Acceptance ratio = 0.4984
       Max displacement = 1.3417
Regularization Loss = 0
Descriptor Loss = 0.41028718
   System 60CH3OH-CG:
       Acceptance ratio = 0.5002
       Max displacement = 1.8392
Regularization Loss = 0
Descriptor Loss = 0.18437658
   System 40CH3OH-CG:
       Acceptance ratio = 0.4981
       Max displacement = 2.2322
Regularization Loss = 0
Descriptor Loss = 0.20845854
   System 20CH3OH-CG:
       Acceptance ratio = 0.5043
       Max displacement = 3.5252
Regularization Loss = 0
Descriptor Loss = 0.21802975
   
Total Average Loss = 0.25528801

Iteration 76...
   System 100CH3OH-CG:
       Acceptance ratio = 0.501
       Max displacement = 1.3146
Regularization Loss = 0
Descriptor Loss = 0.4452677
   System 60CH3OH-CG:
       Acceptance ratio = 0.4997
       Max displacement = 1.8611
Regularization Loss = 0
Descriptor Loss = 0.16133077
   System 40CH3OH-CG:
       Acceptance ratio = 0.4966
       Max displacement = 2.2556
Regularization Loss = 0
Descriptor Loss = 0.17068049
   System 20CH3OH-CG:
       Acceptance ratio = 0.502
       Max displacement = 3.5561
Regularization Loss = 0
Descriptor Loss = 0.14574889
   
Total Average Loss = 0.23075697

Iteration 77...
   System 100CH3OH-CG:
       Acceptance ratio = 0.4985
       Max displacement = 1.3629
Regularization Loss = 0
Descriptor Loss = 0.45147178
   System 60CH3OH-CG:
       Acceptance ratio = 0.5007
       Max displacement = 1.8354
Regularization Loss = 0
Descriptor Loss = 0.15684304
   System 40CH3OH-CG:
       Acceptance ratio = 0.4974
       Max displacement = 2.2773
Regularization Loss = 0
Descriptor Loss = 0.13719575
   System 20CH3OH-CG:
       Acceptance ratio = 0.5022
       Max displacement = 3.5626
Regularization Loss = 0
Descriptor Loss = 0.12492935
   
Total Average Loss = 0.21760998

Iteration 78...
   System 100CH3OH-CG:
       Acceptance ratio = 0.4985
       Max displacement = 1.3373
Regularization Loss = 0
Descriptor Loss = 0.47066215
   System 60CH3OH-CG:
       Acceptance ratio = 0.4998
       Max displacement = 1.8696
Regularization Loss = 0
Descriptor Loss = 0.13447709
   System 40CH3OH-CG:
       Acceptance ratio = 0.4974
       Max displacement = 2.2813
Regularization Loss = 0
Descriptor Loss = 0.11241425
   System 20CH3OH-CG:
       Acceptance ratio = 0.4994
       Max displacement = 3.6188
Regularization Loss = 0
Descriptor Loss = 0.09931169
   
Total Average Loss = 0.2042163

Iteration 79...
   System 100CH3OH-CG:
       Acceptance ratio = 0.5015
       Max displacement = 1.3391
Regularization Loss = 0
Descriptor Loss = 0.48334183
   System 60CH3OH-CG:
       Acceptance ratio = 0.5018
       Max displacement = 1.8638
Regularization Loss = 0
Descriptor Loss = 0.12628744
   System 40CH3OH-CG:
       Acceptance ratio = 0.5007
       Max displacement = 2.2645
Regularization Loss = 0
Descriptor Loss = 0.10308095
   System 20CH3OH-CG:
       Acceptance ratio = 0.5019
       Max displacement = 3.6109
Regularization Loss = 0
Descriptor Loss = 0.07536111
   
Total Average Loss = 0.19701783

Iteration 80...
   System 100CH3OH-CG:
       Acceptance ratio = 0.5002
       Max displacement = 1.3713
Regularization Loss = 0
Descriptor Loss = 0.51433838
   System 60CH3OH-CG:
       Acceptance ratio = 0.4998
       Max displacement = 1.8675
Regularization Loss = 0
Descriptor Loss = 0.13136798
   System 40CH3OH-CG:
       Acceptance ratio = 0.4997
       Max displacement = 2.2966
Regularization Loss = 0
Descriptor Loss = 0.09938967
   System 20CH3OH-CG:
       Acceptance ratio = 0.5008
       Max displacement = 3.6249
Regularization Loss = 0
Descriptor Loss = 0.07791768
   
Total Average Loss = 0.20575343

Iteration 81...
   System 100CH3OH-CG:
       Acceptance ratio = 0.4985
       Max displacement = 1.3752
Regularization Loss = 0
Descriptor Loss = 0.51788117
   System 60CH3OH-CG:
       Acceptance ratio = 0.5008
       Max displacement = 1.8767
Regularization Loss = 0
Descriptor Loss = 0.12085533
   System 40CH3OH-CG:
       Acceptance ratio = 0.5029
       Max displacement = 2.2527
Regularization Loss = 0
Descriptor Loss = 0.09630471
   System 20CH3OH-CG:
       Acceptance ratio = 0.4951
       Max displacement = 3.7376
Regularization Loss = 0
Descriptor Loss = 0.07708502
   
Total Average Loss = 0.20303156

Iteration 82...
   System 100CH3OH-CG:
       Acceptance ratio = 0.499
       Max displacement = 1.3431
Regularization Loss = 0
Descriptor Loss = 0.54219445
   System 60CH3OH-CG:
       Acceptance ratio = 0.501
       Max displacement = 1.8818
Regularization Loss = 0
Descriptor Loss = 0.12502575
   System 40CH3OH-CG:
       Acceptance ratio = 0.5007
       Max displacement = 2.2858
Regularization Loss = 0
Descriptor Loss = 0.10190711
   System 20CH3OH-CG:
       Acceptance ratio = 0.5011
       Max displacement = 3.643
Regularization Loss = 0
Descriptor Loss = 0.08551669
   
Total Average Loss = 0.213661

Iteration 83...
   System 100CH3OH-CG:
       Acceptance ratio = 0.5041
       Max displacement = 1.2995
Regularization Loss = 0
Descriptor Loss = 0.53712253
   System 60CH3OH-CG:
       Acceptance ratio = 0.4974
       Max displacement = 1.9154
Regularization Loss = 0
Descriptor Loss = 0.12425529
   System 40CH3OH-CG:
       Acceptance ratio = 0.4999
       Max displacement = 2.3148
Regularization Loss = 0
Descriptor Loss = 0.11221726
   System 20CH3OH-CG:
       Acceptance ratio = 0.4957
       Max displacement = 3.7394
Regularization Loss = 0
Descriptor Loss = 0.08623722
   
Total Average Loss = 0.21495808

Iteration 84...
   System 100CH3OH-CG:
       Acceptance ratio = 0.5029
       Max displacement = 1.3108
Regularization Loss = 0
Descriptor Loss = 0.55419701
   System 60CH3OH-CG:
       Acceptance ratio = 0.4953
       Max displacement = 1.9237
Regularization Loss = 0
Descriptor Loss = 0.12421643
   System 40CH3OH-CG:
       Acceptance ratio = 0.4958
       Max displacement = 2.3399
Regularization Loss = 0
Descriptor Loss = 0.11543622
   System 20CH3OH-CG:
       Acceptance ratio = 0.5034
       Max displacement = 3.5916
Regularization Loss = 0
Descriptor Loss = 0.09211174
   
Total Average Loss = 0.22149035

Iteration 85...
   System 100CH3OH-CG:
       Acceptance ratio = 0.4967
       Max displacement = 1.409
Regularization Loss = 0
Descriptor Loss = 0.58018713
   System 60CH3OH-CG:
       Acceptance ratio = 0.4996
       Max displacement = 1.8948
Regularization Loss = 0
Descriptor Loss = 0.126507
   System 40CH3OH-CG:
       Acceptance ratio = 0.5009
       Max displacement = 2.31
Regularization Loss = 0
Descriptor Loss = 0.12224851
   System 20CH3OH-CG:
       Acceptance ratio = 0.4944
       Max displacement = 3.7824
Regularization Loss = 0
Descriptor Loss = 0.10393239
   
Total Average Loss = 0.23321876

Iteration 86...
   System 100CH3OH-CG:
       Acceptance ratio = 0.4993
       Max displacement = 1.3838
Regularization Loss = 0
Descriptor Loss = 0.58189013
   System 60CH3OH-CG:
       Acceptance ratio = 0.5015
       Max displacement = 1.8947
Regularization Loss = 0
Descriptor Loss = 0.12812257
   System 40CH3OH-CG:
       Acceptance ratio = 0.5026
       Max displacement = 2.2903
Regularization Loss = 0
Descriptor Loss = 0.13206579
   System 20CH3OH-CG:
       Acceptance ratio = 0.4994
       Max displacement = 3.6985
Regularization Loss = 0
Descriptor Loss = 0.11434625
   
Total Average Loss = 0.23910618

Iteration 87...
   System 100CH3OH-CG:
       Acceptance ratio = 0.4995
       Max displacement = 1.3674
Regularization Loss = 0
Descriptor Loss = 0.57345697
   System 60CH3OH-CG:
       Acceptance ratio = 0.5017
       Max displacement = 1.902
Regularization Loss = 0
Descriptor Loss = 0.13409026
   System 40CH3OH-CG:
       Acceptance ratio = 0.5029
       Max displacement = 2.2976
Regularization Loss = 0
Descriptor Loss = 0.13783106
   System 20CH3OH-CG:
       Acceptance ratio = 0.499
       Max displacement = 3.7296
Regularization Loss = 0
Descriptor Loss = 0.12739219
   
Total Average Loss = 0.24319262

Iteration 88...
   System 100CH3OH-CG:
       Acceptance ratio = 0.501
       Max displacement = 1.3842
Regularization Loss = 0
Descriptor Loss = 0.59715905
   System 60CH3OH-CG:
       Acceptance ratio = 0.4963
       Max displacement = 1.9617
Regularization Loss = 0
Descriptor Loss = 0.13865405
   System 40CH3OH-CG:
       Acceptance ratio = 0.4985
       Max displacement = 2.3345
Regularization Loss = 0
Descriptor Loss = 0.13933813
   System 20CH3OH-CG:
       Acceptance ratio = 0.4998
       Max displacement = 3.7032
Regularization Loss = 0
Descriptor Loss = 0.13604664
   
Total Average Loss = 0.25279947

Iteration 89...
   System 100CH3OH-CG:
       Acceptance ratio = 0.4971
       Max displacement = 1.4051
Regularization Loss = 0
Descriptor Loss = 0.59269107
   System 60CH3OH-CG:
       Acceptance ratio = 0.4989
       Max displacement = 1.9182
Regularization Loss = 0
Descriptor Loss = 0.13308924
   System 40CH3OH-CG:
       Acceptance ratio = 0.499
       Max displacement = 2.3396
Regularization Loss = 0
Descriptor Loss = 0.14756577
   System 20CH3OH-CG:
       Acceptance ratio = 0.4982
       Max displacement = 3.745
Regularization Loss = 0
Descriptor Loss = 0.14164432
   
Total Average Loss = 0.2537476

Iteration 90...
   System 100CH3OH-CG:
       Acceptance ratio = 0.501
       Max displacement = 1.3488
Regularization Loss = 0
Descriptor Loss = 0.57169461
   System 60CH3OH-CG:
       Acceptance ratio = 0.4977
       Max displacement = 1.9534
Regularization Loss = 0
Descriptor Loss = 0.14002471
   System 40CH3OH-CG:
       Acceptance ratio = 0.5014
       Max displacement = 2.3164
Regularization Loss = 0
Descriptor Loss = 0.15021227
   System 20CH3OH-CG:
       Acceptance ratio = 0.5036
       Max displacement = 3.6598
Regularization Loss = 0
Descriptor Loss = 0.14300401
   
Total Average Loss = 0.2512339

Iteration 91...
   System 100CH3OH-CG:
       Acceptance ratio = 0.5
       Max displacement = 1.3824
Regularization Loss = 0
Descriptor Loss = 0.58844245
   System 60CH3OH-CG:
       Acceptance ratio = 0.5028
       Max displacement = 1.8959
Regularization Loss = 0
Descriptor Loss = 0.14044758
   System 40CH3OH-CG:
       Acceptance ratio = 0.4989
       Max displacement = 2.3472
Regularization Loss = 0
Descriptor Loss = 0.15988628
   System 20CH3OH-CG:
       Acceptance ratio = 0.5027
       Max displacement = 3.7124
Regularization Loss = 0
Descriptor Loss = 0.1710566
   
Total Average Loss = 0.26495823

Iteration 92...
   System 100CH3OH-CG:
       Acceptance ratio = 0.5042
       Max displacement = 1.3338
Regularization Loss = 0
Descriptor Loss = 0.56284562
   System 60CH3OH-CG:
       Acceptance ratio = 0.5022
       Max displacement = 1.907
Regularization Loss = 0
Descriptor Loss = 0.14020784
   System 40CH3OH-CG:
       Acceptance ratio = 0.4992
       Max displacement = 2.3404
Regularization Loss = 0
Descriptor Loss = 0.1463981
   System 20CH3OH-CG:
       Acceptance ratio = 0.4991
       Max displacement = 3.7502
Regularization Loss = 0
Descriptor Loss = 0.16865332
   
Total Average Loss = 0.25452622

Iteration 93...
   System 100CH3OH-CG:
       Acceptance ratio = 0.4979
       Max displacement = 1.4428
Regularization Loss = 0
Descriptor Loss = 0.63003432
   System 60CH3OH-CG:
       Acceptance ratio = 0.4989
       Max displacement = 1.9115
Regularization Loss = 0
Descriptor Loss = 0.13233594
   System 40CH3OH-CG:
       Acceptance ratio = 0.4975
       Max displacement = 2.356
Regularization Loss = 0
Descriptor Loss = 0.15674689
   System 20CH3OH-CG:
       Acceptance ratio = 0.5007
       Max displacement = 3.7645
Regularization Loss = 0
Descriptor Loss = 0.18626355
   
Total Average Loss = 0.27634517

Iteration 94...
   System 100CH3OH-CG:
       Acceptance ratio = 0.4992
       Max displacement = 1.3753
Regularization Loss = 0
Descriptor Loss = 0.56142774
   System 60CH3OH-CG:
       Acceptance ratio = 0.4982
       Max displacement = 1.9188
Regularization Loss = 0
Descriptor Loss = 0.13474199
   System 40CH3OH-CG:
       Acceptance ratio = 0.4995
       Max displacement = 2.3346
Regularization Loss = 0
Descriptor Loss = 0.1485125
   System 20CH3OH-CG:
       Acceptance ratio = 0.4999
       Max displacement = 3.8015
Regularization Loss = 0
Descriptor Loss = 0.19291789
   
Total Average Loss = 0.25940003

Iteration 95...
   System 100CH3OH-CG:
       Acceptance ratio = 0.5008
       Max displacement = 1.3325
Regularization Loss = 0
Descriptor Loss = 0.54276525
   System 60CH3OH-CG:
       Acceptance ratio = 0.4976
       Max displacement = 1.9312
Regularization Loss = 0
Descriptor Loss = 0.13167255
   System 40CH3OH-CG:
       Acceptance ratio = 0.4994
       Max displacement = 2.3383
Regularization Loss = 0
Descriptor Loss = 0.14960052
   System 20CH3OH-CG:
       Acceptance ratio = 0.5014
       Max displacement = 3.7465
Regularization Loss = 0
Descriptor Loss = 0.18644279
   
Total Average Loss = 0.25262028

Iteration 96...
   System 100CH3OH-CG:
       Acceptance ratio = 0.5003
       Max displacement = 1.3458
Regularization Loss = 0
Descriptor Loss = 0.53420459
   System 60CH3OH-CG:
       Acceptance ratio = 0.5001
       Max displacement = 1.9195
Regularization Loss = 0
Descriptor Loss = 0.13522525
   System 40CH3OH-CG:
       Acceptance ratio = 0.5036
       Max displacement = 2.3129
Regularization Loss = 0
Descriptor Loss = 0.15334166
   System 20CH3OH-CG:
       Acceptance ratio = 0.5039
       Max displacement = 3.7578
Regularization Loss = 0
Descriptor Loss = 0.20807396
   
Total Average Loss = 0.25771137

Iteration 97...
   System 100CH3OH-CG:
       Acceptance ratio = 0.4977
       Max displacement = 1.3692
Regularization Loss = 0
Descriptor Loss = 0.52234594
   System 60CH3OH-CG:
       Acceptance ratio = 0.4966
       Max displacement = 1.9305
Regularization Loss = 0
Descriptor Loss = 0.12799242
   System 40CH3OH-CG:
       Acceptance ratio = 0.5033
       Max displacement = 2.2993
Regularization Loss = 0
Descriptor Loss = 0.14773042
   System 20CH3OH-CG:
       Acceptance ratio = 0.503
       Max displacement = 3.7822
Regularization Loss = 0
Descriptor Loss = 0.22040848
   
Total Average Loss = 0.25461932

Iteration 98...
   System 100CH3OH-CG:
       Acceptance ratio = 0.4988
       Max displacement = 1.3462
Regularization Loss = 0
Descriptor Loss = 0.52038185
   System 60CH3OH-CG:
       Acceptance ratio = 0.5027
       Max displacement = 1.8746
Regularization Loss = 0
Descriptor Loss = 0.1281426
   System 40CH3OH-CG:
       Acceptance ratio = 0.5012
       Max displacement = 2.324
Regularization Loss = 0
Descriptor Loss = 0.14223394
   System 20CH3OH-CG:
       Acceptance ratio = 0.4981
       Max displacement = 3.9337
Regularization Loss = 0
Descriptor Loss = 0.24520291
   
Total Average Loss = 0.25899033

Iteration 99...
   System 100CH3OH-CG:
       Acceptance ratio = 0.5032
       Max displacement = 1.3412
Regularization Loss = 0
Descriptor Loss = 0.50823224
   System 60CH3OH-CG:
       Acceptance ratio = 0.5011
       Max displacement = 1.9013
Regularization Loss = 0
Descriptor Loss = 0.13039579
   System 40CH3OH-CG:
       Acceptance ratio = 0.5015
       Max displacement = 2.3322
Regularization Loss = 0
Descriptor Loss = 0.14268681
   System 20CH3OH-CG:
       Acceptance ratio = 0.4979
       Max displacement = 3.9142
Regularization Loss = 0
Descriptor Loss = 0.24794361
   
Total Average Loss = 0.25731461

Iteration 100...
   System 100CH3OH-CG:
       Acceptance ratio = 0.5009
       Max displacement = 1.3473
Regularization Loss = 0
Descriptor Loss = 0.48419784
   System 60CH3OH-CG:
       Acceptance ratio = 0.5047
       Max displacement = 1.8611
Regularization Loss = 0
Descriptor Loss = 0.12386595
   System 40CH3OH-CG:
       Acceptance ratio = 0.5013
       Max displacement = 2.3252
Regularization Loss = 0
Descriptor Loss = 0.13034167
   System 20CH3OH-CG:
       Acceptance ratio = 0.4971
       Max displacement = 3.9597
Regularization Loss = 0
Descriptor Loss = 0.24863474
   
Total Average Loss = 0.24676005
The training is finished!
Stopping at: 2023-02-11T17:32:33.997

Walltime: 13 hours, 17 minutes, 5 seconds, 342 milliseconds
