Starting at: 2023-02-13T21:17:48.912
Running ML-IMC in the training mode.
Reading model from LJ-training-3/model-iter-10.bson

Neither gradients nor optimizer were provided, rerunning the training iteration with the current model...

Using the following symmetry functions as the neural input for each atom:
    G2 symmetry functions:
    eta, Å^-2; rcutoff, Å; rshift, Å
       G2(0.125, 7.0, 0.0)
       G2(4.0, 7.0, 3.0)
       G2(4.0, 7.0, 3.5)
       G2(4.0, 7.0, 4.0)
       G2(4.0, 7.0, 4.5)
       G2(4.0, 7.0, 5.0)
       G2(4.0, 7.0, 5.5)
       G2(4.0, 7.0, 6.0)
       G2(4.0, 7.0, 6.5)
Maximum cutoff distance: 7.0 Å
Symmetry function scaling parameter: 1.0
Training a model using 1 reference system(s)
Using the following activation functions: ["identity"]

Starting the main part of the training...

Number of iterations: 10
Running MC simulation on 4 rank(s)...

Total number of steps: 8.0M
Number of equilibration steps per rank: 0.5M

Iteration 1...
   System Ar_95K:
       Acceptance ratio = 0.5014
       Max displacement = 0.6191
Regularization Loss = 0
Descriptor Loss = 0.39141033
   
Total Average Loss = 0.39141033

Iteration 2...
   System Ar_95K:
       Acceptance ratio = 0.4973
       Max displacement = 0.6293
Regularization Loss = 0
Descriptor Loss = 0.37337405
   
Total Average Loss = 0.37337405

Iteration 3...
   System Ar_95K:
       Acceptance ratio = 0.4947
       Max displacement = 0.6351
Regularization Loss = 0
Descriptor Loss = 0.37350037
   
Total Average Loss = 0.37350037

Iteration 4...
   System Ar_95K:
       Acceptance ratio = 0.5019
       Max displacement = 0.6191
Regularization Loss = 0
Descriptor Loss = 0.38206494
   
Total Average Loss = 0.38206494

Iteration 5...
   System Ar_95K:
       Acceptance ratio = 0.4982
       Max displacement = 0.625
Regularization Loss = 0
Descriptor Loss = 0.33201699
   
Total Average Loss = 0.33201699

Iteration 6...
   System Ar_95K:
       Acceptance ratio = 0.504
       Max displacement = 0.6105
Regularization Loss = 0
Descriptor Loss = 0.35309895
   
Total Average Loss = 0.35309895

Iteration 7...
   System Ar_95K:
       Acceptance ratio = 0.4965
       Max displacement = 0.6252
Regularization Loss = 0
Descriptor Loss = 0.35049646
   
Total Average Loss = 0.35049646

Iteration 8...
   System Ar_95K:
       Acceptance ratio = 0.5
       Max displacement = 0.6189
Regularization Loss = 0
Descriptor Loss = 0.32657738
   
Total Average Loss = 0.32657738

Iteration 9...
   System Ar_95K:
       Acceptance ratio = 0.4977
       Max displacement = 0.6239
Regularization Loss = 0
Descriptor Loss = 0.32236107
   
Total Average Loss = 0.32236107

Iteration 10...
   System Ar_95K:
       Acceptance ratio = 0.5029
       Max displacement = 0.6148
Regularization Loss = 0
Descriptor Loss = 0.31311532
   
Total Average Loss = 0.31311532
The training is finished!
Stopping at: 2023-02-13T21:58:56.735

Walltime: 41 minutes, 7 seconds, 823 milliseconds
