      From worker 16:	┌ Error: No CUDA-capable device found
      From worker 16:	└ @ CUDA ~/.julia/packages/CUDA/ZdCxS/src/initialization.jl:92
      From worker 15:	┌ Error: No CUDA-capable device found
      From worker 15:	└ @ CUDA ~/.julia/packages/CUDA/ZdCxS/src/initialization.jl:92
      From worker 14:	┌ Error: No CUDA-capable device found
      From worker 14:	└ @ CUDA ~/.julia/packages/CUDA/ZdCxS/src/initialization.jl:92
      From worker 3:	┌ Error: No CUDA-capable device found
      From worker 3:	└ @ CUDA ~/.julia/packages/CUDA/ZdCxS/src/initialization.jl:92
      From worker 6:	┌ Error: No CUDA-capable device found
      From worker 6:	└ @ CUDA ~/.julia/packages/CUDA/ZdCxS/src/initialization.jl:92
      From worker 5:	┌ Error: No CUDA-capable device found
      From worker 5:	└ @ CUDA ~/.julia/packages/CUDA/ZdCxS/src/initialization.jl:92
      From worker 8:	┌ Error: No CUDA-capable device found
      From worker 8:	└ @ CUDA ~/.julia/packages/CUDA/ZdCxS/src/initialization.jl:92
      From worker 2:	┌ Error: No CUDA-capable device found
      From worker 2:	└ @ CUDA ~/.julia/packages/CUDA/ZdCxS/src/initialization.jl:92
      From worker 9:	┌ Error: No CUDA-capable device found
      From worker 9:	└ @ CUDA ~/.julia/packages/CUDA/ZdCxS/src/initialization.jl:92
      From worker 17:	┌ Error: No CUDA-capable device found
      From worker 17:	└ @ CUDA ~/.julia/packages/CUDA/ZdCxS/src/initialization.jl:92
      From worker 7:	┌ Error: No CUDA-capable device found
      From worker 7:	└ @ CUDA ~/.julia/packages/CUDA/ZdCxS/src/initialization.jl:92
      From worker 11:	┌ Error: No CUDA-capable device found
      From worker 11:	└ @ CUDA ~/.julia/packages/CUDA/ZdCxS/src/initialization.jl:92
      From worker 12:	┌ Error: No CUDA-capable device found
      From worker 12:	└ @ CUDA ~/.julia/packages/CUDA/ZdCxS/src/initialization.jl:92
      From worker 10:	┌ Error: No CUDA-capable device found
      From worker 10:	└ @ CUDA ~/.julia/packages/CUDA/ZdCxS/src/initialization.jl:92
      From worker 13:	┌ Error: No CUDA-capable device found
      From worker 13:	└ @ CUDA ~/.julia/packages/CUDA/ZdCxS/src/initialization.jl:92
      From worker 4:	┌ Error: No CUDA-capable device found
      From worker 4:	└ @ CUDA ~/.julia/packages/CUDA/ZdCxS/src/initialization.jl:92
Starting at: 2023-02-10T01:47:18.186
Running ML-IMC in the training mode.
Reading model from model-iter-04.bson

Neither gradients nor optimizer were provided, rerunning the training iteration with the current model...

Using the following symmetry functions as the neural input for each atom:
    G2 symmetry functions:
    eta, Å^-2; rcutoff, Å; rshift, Å
       G2(0.125, 8.0, 0.0)
       G2(2.0, 8.0, 3.0)
       G2(2.0, 8.0, 3.4)
       G2(2.0, 8.0, 3.85)
       G2(2.0, 8.0, 4.55)
       G2(2.0, 8.0, 5.5)
Maximum cutoff distance: 8.0 Å
Symmetry function scaling parameter: 1.0
Training a model using 4 reference system(s)
Using the following activation functions: ["identity", "relu", "relu", "identity"]

Starting the main part of the training...

Number of iterations: 100
Running MC simulation on 16 rank(s)...

Total number of steps: 32.0M
Number of equilibration steps per rank: 0.5M

Iteration 1...
   System 100CH3OH-CG:
       Acceptance ratio = 0.4973
       Max displacement = 1.3466
Regularization Loss = 0
Descriptor Loss = 0.41021473
   System 60CH3OH-CG:
       Acceptance ratio = 0.4998
       Max displacement = 1.8745
Regularization Loss = 0
Descriptor Loss = 0.27057021
   System 40CH3OH-CG:
       Acceptance ratio = 0.4979
       Max displacement = 2.2715
Regularization Loss = 0
Descriptor Loss = 0.41928429
   System 20CH3OH-CG:
       Acceptance ratio = 0.5032
       Max displacement = 3.4999
Regularization Loss = 0
Descriptor Loss = 0.48090369
   
Total Average Loss = 0.39524323

Iteration 2...
   System 100CH3OH-CG:
       Acceptance ratio = 0.5017
       Max displacement = 1.3302
Regularization Loss = 0
Descriptor Loss = 0.42229788
   System 60CH3OH-CG:
       Acceptance ratio = 0.4973
       Max displacement = 1.8907
Regularization Loss = 0
Descriptor Loss = 0.26385907
   System 40CH3OH-CG:
       Acceptance ratio = 0.5014
       Max displacement = 2.2409
Regularization Loss = 0
Descriptor Loss = 0.37038949
   System 20CH3OH-CG:
       Acceptance ratio = 0.4988
       Max displacement = 3.6074
Regularization Loss = 0
Descriptor Loss = 0.47656509
   
Total Average Loss = 0.38327788

Iteration 3...
   System 100CH3OH-CG:
       Acceptance ratio = 0.4965
       Max displacement = 1.3104
Regularization Loss = 0
Descriptor Loss = 0.44715593
   System 60CH3OH-CG:
       Acceptance ratio = 0.4994
       Max displacement = 1.8424
Regularization Loss = 0
Descriptor Loss = 0.27257911
   System 40CH3OH-CG:
       Acceptance ratio = 0.4954
       Max displacement = 2.3166
Regularization Loss = 0
Descriptor Loss = 0.33857606
   System 20CH3OH-CG:
       Acceptance ratio = 0.5014
       Max displacement = 3.5629
Regularization Loss = 0
Descriptor Loss = 0.44755963
   
Total Average Loss = 0.37646768

Iteration 4...
   System 100CH3OH-CG:
       Acceptance ratio = 0.498
       Max displacement = 1.325
Regularization Loss = 0
Descriptor Loss = 0.45113129
   System 60CH3OH-CG:
       Acceptance ratio = 0.5019
       Max displacement = 1.8787
Regularization Loss = 0
Descriptor Loss = 0.24851427
   System 40CH3OH-CG:
       Acceptance ratio = 0.5004
       Max displacement = 2.2945
Regularization Loss = 0
Descriptor Loss = 0.30895544
   System 20CH3OH-CG:
       Acceptance ratio = 0.5027
       Max displacement = 3.5167
Regularization Loss = 0
Descriptor Loss = 0.43794761
   
Total Average Loss = 0.36163715

Iteration 5...
   System 100CH3OH-CG:
       Acceptance ratio = 0.5004
       Max displacement = 1.3238
Regularization Loss = 0
Descriptor Loss = 0.4396187
   System 60CH3OH-CG:
       Acceptance ratio = 0.5031
       Max displacement = 1.8649
Regularization Loss = 0
Descriptor Loss = 0.24770796
   System 40CH3OH-CG:
       Acceptance ratio = 0.5005
       Max displacement = 2.3013
Regularization Loss = 0
Descriptor Loss = 0.29210919
   System 20CH3OH-CG:
       Acceptance ratio = 0.5021
       Max displacement = 3.4994
Regularization Loss = 0
Descriptor Loss = 0.43451256
   
Total Average Loss = 0.3534871

Iteration 6...
   System 100CH3OH-CG:
       Acceptance ratio = 0.5001
       Max displacement = 1.3315
Regularization Loss = 0
Descriptor Loss = 0.44727825
   System 60CH3OH-CG:
       Acceptance ratio = 0.4963
       Max displacement = 1.9331
Regularization Loss = 0
Descriptor Loss = 0.24803257
   System 40CH3OH-CG:
       Acceptance ratio = 0.5014
       Max displacement = 2.3077
Regularization Loss = 0
Descriptor Loss = 0.29013059
   System 20CH3OH-CG:
       Acceptance ratio = 0.5014
       Max displacement = 3.4963
Regularization Loss = 0
Descriptor Loss = 0.45812602
   
Total Average Loss = 0.36089186

Iteration 7...
   System 100CH3OH-CG:
       Acceptance ratio = 0.5019
       Max displacement = 1.359
Regularization Loss = 0
Descriptor Loss = 0.46291556
   System 60CH3OH-CG:
       Acceptance ratio = 0.5007
       Max displacement = 1.8961
Regularization Loss = 0
Descriptor Loss = 0.25465016
   System 40CH3OH-CG:
       Acceptance ratio = 0.5026
       Max displacement = 2.309
Regularization Loss = 0
Descriptor Loss = 0.28128913
   System 20CH3OH-CG:
       Acceptance ratio = 0.5002
       Max displacement = 3.5004
Regularization Loss = 0
Descriptor Loss = 0.44670579
   
Total Average Loss = 0.36139016

Iteration 8...
   System 100CH3OH-CG:
       Acceptance ratio = 0.5016
       Max displacement = 1.3406
Regularization Loss = 0
Descriptor Loss = 0.45509031
   System 60CH3OH-CG:
       Acceptance ratio = 0.4976
       Max displacement = 1.9213
Regularization Loss = 0
Descriptor Loss = 0.25032641
   System 40CH3OH-CG:
       Acceptance ratio = 0.5016
       Max displacement = 2.332
Regularization Loss = 0
Descriptor Loss = 0.28444715
   System 20CH3OH-CG:
       Acceptance ratio = 0.5007
       Max displacement = 3.4975
Regularization Loss = 0
Descriptor Loss = 0.4363568
   
Total Average Loss = 0.35655517

Iteration 9...
   System 100CH3OH-CG:
       Acceptance ratio = 0.5008
       Max displacement = 1.3073
Regularization Loss = 0
Descriptor Loss = 0.45453471
   System 60CH3OH-CG:
       Acceptance ratio = 0.5021
       Max displacement = 1.896
Regularization Loss = 0
Descriptor Loss = 0.24554831
   System 40CH3OH-CG:
       Acceptance ratio = 0.4996
       Max displacement = 2.3729
Regularization Loss = 0
Descriptor Loss = 0.26661103
   System 20CH3OH-CG:
       Acceptance ratio = 0.5
       Max displacement = 3.5058
Regularization Loss = 0
Descriptor Loss = 0.43152901
   
Total Average Loss = 0.34955577

Iteration 10...
   System 100CH3OH-CG:
       Acceptance ratio = 0.496
       Max displacement = 1.3881
Regularization Loss = 0
Descriptor Loss = 0.46160425
   System 60CH3OH-CG:
       Acceptance ratio = 0.4995
       Max displacement = 1.9035
Regularization Loss = 0
Descriptor Loss = 0.25824129
   System 40CH3OH-CG:
       Acceptance ratio = 0.501
       Max displacement = 2.3718
Regularization Loss = 0
Descriptor Loss = 0.27362283
   System 20CH3OH-CG:
       Acceptance ratio = 0.4985
       Max displacement = 3.5439
Regularization Loss = 0
Descriptor Loss = 0.41915406
   
Total Average Loss = 0.35315561

Iteration 11...
   System 100CH3OH-CG:
       Acceptance ratio = 0.5005
       Max displacement = 1.3822
Regularization Loss = 0
Descriptor Loss = 0.4619301
   System 60CH3OH-CG:
       Acceptance ratio = 0.5005
       Max displacement = 1.9254
Regularization Loss = 0
Descriptor Loss = 0.24667737
   System 40CH3OH-CG:
       Acceptance ratio = 0.5015
       Max displacement = 2.3746
Regularization Loss = 0
Descriptor Loss = 0.27505142
   System 20CH3OH-CG:
       Acceptance ratio = 0.5041
       Max displacement = 3.4576
Regularization Loss = 0
Descriptor Loss = 0.42228908
   
Total Average Loss = 0.35148699

Iteration 12...
   System 100CH3OH-CG:
       Acceptance ratio = 0.5012
       Max displacement = 1.337
Regularization Loss = 0
Descriptor Loss = 0.43191558
   System 60CH3OH-CG:
       Acceptance ratio = 0.5033
       Max displacement = 1.897
Regularization Loss = 0
Descriptor Loss = 0.25501668
   System 40CH3OH-CG:
       Acceptance ratio = 0.4974
       Max displacement = 2.4461
Regularization Loss = 0
Descriptor Loss = 0.27122277
   System 20CH3OH-CG:
       Acceptance ratio = 0.4982
       Max displacement = 3.5656
Regularization Loss = 0
Descriptor Loss = 0.4193726
   
Total Average Loss = 0.34438191

Iteration 13...
   System 100CH3OH-CG:
       Acceptance ratio = 0.5016
       Max displacement = 1.3696
Regularization Loss = 0
Descriptor Loss = 0.41643834
   System 60CH3OH-CG:
       Acceptance ratio = 0.4994
       Max displacement = 1.9301
Regularization Loss = 0
Descriptor Loss = 0.26474804
   System 40CH3OH-CG:
       Acceptance ratio = 0.4993
       Max displacement = 2.4421
Regularization Loss = 0
Descriptor Loss = 0.27637855
   System 20CH3OH-CG:
       Acceptance ratio = 0.5015
       Max displacement = 3.5077
Regularization Loss = 0
Descriptor Loss = 0.40767083
   
Total Average Loss = 0.34130894

Iteration 14...
   System 100CH3OH-CG:
       Acceptance ratio = 0.4978
       Max displacement = 1.3772
Regularization Loss = 0
Descriptor Loss = 0.38578073
   System 60CH3OH-CG:
       Acceptance ratio = 0.5005
       Max displacement = 1.9289
Regularization Loss = 0
Descriptor Loss = 0.29028199
   System 40CH3OH-CG:
       Acceptance ratio = 0.5022
       Max displacement = 2.4135
Regularization Loss = 0
Descriptor Loss = 0.28990174
   System 20CH3OH-CG:
       Acceptance ratio = 0.5036
       Max displacement = 3.4828
Regularization Loss = 0
Descriptor Loss = 0.3980418
   
Total Average Loss = 0.34100156

Iteration 15...
   System 100CH3OH-CG:
       Acceptance ratio = 0.502
       Max displacement = 1.3761
Regularization Loss = 0
Descriptor Loss = 0.37371555
   System 60CH3OH-CG:
       Acceptance ratio = 0.4987
       Max displacement = 1.9534
Regularization Loss = 0
Descriptor Loss = 0.30757817
   System 40CH3OH-CG:
       Acceptance ratio = 0.5014
       Max displacement = 2.4377
Regularization Loss = 0
Descriptor Loss = 0.30015692
   System 20CH3OH-CG:
       Acceptance ratio = 0.4993
       Max displacement = 3.578
Regularization Loss = 0
Descriptor Loss = 0.39344045
   
Total Average Loss = 0.34372277

Iteration 16...
   System 100CH3OH-CG:
       Acceptance ratio = 0.4981
       Max displacement = 1.3548
Regularization Loss = 0
Descriptor Loss = 0.36091011
   System 60CH3OH-CG:
       Acceptance ratio = 0.4998
       Max displacement = 1.9315
Regularization Loss = 0
Descriptor Loss = 0.34811449
   System 40CH3OH-CG:
       Acceptance ratio = 0.4997
       Max displacement = 2.4916
Regularization Loss = 0
Descriptor Loss = 0.30172647
   System 20CH3OH-CG:
       Acceptance ratio = 0.4996
       Max displacement = 3.5911
Regularization Loss = 0
Descriptor Loss = 0.38814567
   
Total Average Loss = 0.34972419

Iteration 17...
   System 100CH3OH-CG:
       Acceptance ratio = 0.5047
       Max displacement = 1.3183
Regularization Loss = 0
Descriptor Loss = 0.34594437
   System 60CH3OH-CG:
       Acceptance ratio = 0.5035
       Max displacement = 1.9134
Regularization Loss = 0
Descriptor Loss = 0.36262759
   System 40CH3OH-CG:
       Acceptance ratio = 0.5022
       Max displacement = 2.4678
Regularization Loss = 0
Descriptor Loss = 0.31519975
   System 20CH3OH-CG:
       Acceptance ratio = 0.501
       Max displacement = 3.6002
Regularization Loss = 0
Descriptor Loss = 0.39030923
   
Total Average Loss = 0.35352023

Iteration 18...
   System 100CH3OH-CG:
       Acceptance ratio = 0.5047
       Max displacement = 1.335
Regularization Loss = 0
Descriptor Loss = 0.32546968
   System 60CH3OH-CG:
       Acceptance ratio = 0.5006
       Max displacement = 1.938
Regularization Loss = 0
Descriptor Loss = 0.38760709
   System 40CH3OH-CG:
       Acceptance ratio = 0.501
       Max displacement = 2.5219
Regularization Loss = 0
Descriptor Loss = 0.33523079
   System 20CH3OH-CG:
       Acceptance ratio = 0.4981
       Max displacement = 3.6884
Regularization Loss = 0
Descriptor Loss = 0.39237721
   
Total Average Loss = 0.36017119

Iteration 19...
   System 100CH3OH-CG:
       Acceptance ratio = 0.4998
       Max displacement = 1.3203
Regularization Loss = 0
Descriptor Loss = 0.33679023
   System 60CH3OH-CG:
       Acceptance ratio = 0.5021
       Max displacement = 1.9045
Regularization Loss = 0
Descriptor Loss = 0.43020065
   System 40CH3OH-CG:
       Acceptance ratio = 0.4966
       Max displacement = 2.5656
Regularization Loss = 0
Descriptor Loss = 0.35447931
   System 20CH3OH-CG:
       Acceptance ratio = 0.5028
       Max displacement = 3.6526
Regularization Loss = 0
Descriptor Loss = 0.40766294
   
Total Average Loss = 0.38228328

Iteration 20...
   System 100CH3OH-CG:
       Acceptance ratio = 0.4991
       Max displacement = 1.3395
Regularization Loss = 0
Descriptor Loss = 0.32005266
   System 60CH3OH-CG:
       Acceptance ratio = 0.5007
       Max displacement = 1.9287
Regularization Loss = 0
Descriptor Loss = 0.43090533
   System 40CH3OH-CG:
       Acceptance ratio = 0.4973
       Max displacement = 2.5846
Regularization Loss = 0
Descriptor Loss = 0.37362183
   System 20CH3OH-CG:
       Acceptance ratio = 0.5014
       Max displacement = 3.7142
Regularization Loss = 0
Descriptor Loss = 0.42238594
   
Total Average Loss = 0.38674144

Iteration 21...
   System 100CH3OH-CG:
       Acceptance ratio = 0.5005
       Max displacement = 1.3565
Regularization Loss = 0
Descriptor Loss = 0.29875813
   System 60CH3OH-CG:
       Acceptance ratio = 0.498
       Max displacement = 1.9743
Regularization Loss = 0
Descriptor Loss = 0.43401247
   System 40CH3OH-CG:
       Acceptance ratio = 0.5039
       Max displacement = 2.5403
Regularization Loss = 0
Descriptor Loss = 0.37256242
   System 20CH3OH-CG:
       Acceptance ratio = 0.5025
       Max displacement = 3.7178
Regularization Loss = 0
Descriptor Loss = 0.43399658
   
Total Average Loss = 0.3848324

Iteration 22...
   System 100CH3OH-CG:
       Acceptance ratio = 0.4977
       Max displacement = 1.3761
Regularization Loss = 0
Descriptor Loss = 0.29382879
   System 60CH3OH-CG:
       Acceptance ratio = 0.5017
       Max displacement = 1.9271
Regularization Loss = 0
Descriptor Loss = 0.48096877
   System 40CH3OH-CG:
       Acceptance ratio = 0.5011
       Max displacement = 2.5553
Regularization Loss = 0
Descriptor Loss = 0.40005867
   System 20CH3OH-CG:
       Acceptance ratio = 0.5002
       Max displacement = 3.7925
Regularization Loss = 0
Descriptor Loss = 0.41465051
   
Total Average Loss = 0.39737668

Iteration 23...
   System 100CH3OH-CG:
       Acceptance ratio = 0.5005
       Max displacement = 1.3492
Regularization Loss = 0
Descriptor Loss = 0.29809068
   System 60CH3OH-CG:
       Acceptance ratio = 0.5002
       Max displacement = 1.9384
Regularization Loss = 0
Descriptor Loss = 0.49450648
   System 40CH3OH-CG:
       Acceptance ratio = 0.5021
       Max displacement = 2.555
Regularization Loss = 0
Descriptor Loss = 0.41995036
   System 20CH3OH-CG:
       Acceptance ratio = 0.5005
       Max displacement = 3.778
Regularization Loss = 0
Descriptor Loss = 0.40142831
   
Total Average Loss = 0.40349396

Iteration 24...
   System 100CH3OH-CG:
       Acceptance ratio = 0.5005
       Max displacement = 1.3462
Regularization Loss = 0
Descriptor Loss = 0.30092624
   System 60CH3OH-CG:
       Acceptance ratio = 0.5024
       Max displacement = 1.9004
Regularization Loss = 0
Descriptor Loss = 0.52855101
   System 40CH3OH-CG:
       Acceptance ratio = 0.4995
       Max displacement = 2.5942
Regularization Loss = 0
Descriptor Loss = 0.41286704
   System 20CH3OH-CG:
       Acceptance ratio = 0.4996
       Max displacement = 3.8098
Regularization Loss = 0
Descriptor Loss = 0.39606686
   
Total Average Loss = 0.40960279

Iteration 25...
   System 100CH3OH-CG:
       Acceptance ratio = 0.5039
       Max displacement = 1.3363
Regularization Loss = 0
Descriptor Loss = 0.28894211
   System 60CH3OH-CG:
       Acceptance ratio = 0.5033
       Max displacement = 1.9212
Regularization Loss = 0
Descriptor Loss = 0.4862838
   System 40CH3OH-CG:
       Acceptance ratio = 0.5032
       Max displacement = 2.5693
Regularization Loss = 0
Descriptor Loss = 0.41536528
   System 20CH3OH-CG:
       Acceptance ratio = 0.5005
       Max displacement = 3.8254
Regularization Loss = 0
Descriptor Loss = 0.40610938
   
Total Average Loss = 0.39917514

Iteration 26...
   System 100CH3OH-CG:
       Acceptance ratio = 0.5004
       Max displacement = 1.327
Regularization Loss = 0
Descriptor Loss = 0.30842919
   System 60CH3OH-CG:
       Acceptance ratio = 0.5013
       Max displacement = 1.9295
Regularization Loss = 0
Descriptor Loss = 0.47807054
   System 40CH3OH-CG:
       Acceptance ratio = 0.4981
       Max displacement = 2.6069
Regularization Loss = 0
Descriptor Loss = 0.42578451
   System 20CH3OH-CG:
       Acceptance ratio = 0.5041
       Max displacement = 3.769
Regularization Loss = 0
Descriptor Loss = 0.40751615
   
Total Average Loss = 0.4049501

Iteration 27...
   System 100CH3OH-CG:
       Acceptance ratio = 0.5012
       Max displacement = 1.2891
Regularization Loss = 0
Descriptor Loss = 0.34396503
   System 60CH3OH-CG:
       Acceptance ratio = 0.4965
       Max displacement = 1.9996
Regularization Loss = 0
Descriptor Loss = 0.41697085
   System 40CH3OH-CG:
       Acceptance ratio = 0.4978
       Max displacement = 2.6109
Regularization Loss = 0
Descriptor Loss = 0.41955827
   System 20CH3OH-CG:
       Acceptance ratio = 0.5017
       Max displacement = 3.8623
Regularization Loss = 0
Descriptor Loss = 0.42016292
   
Total Average Loss = 0.40016427

Iteration 28...
   System 100CH3OH-CG:
       Acceptance ratio = 0.4954
       Max displacement = 1.353
Regularization Loss = 0
Descriptor Loss = 0.30569893
   System 60CH3OH-CG:
       Acceptance ratio = 0.4955
       Max displacement = 1.9957
Regularization Loss = 0
Descriptor Loss = 0.40282659
   System 40CH3OH-CG:
       Acceptance ratio = 0.5036
       Max displacement = 2.5474
Regularization Loss = 0
Descriptor Loss = 0.41297391
   System 20CH3OH-CG:
       Acceptance ratio = 0.5001
       Max displacement = 3.9178
Regularization Loss = 0
Descriptor Loss = 0.45977157
   
Total Average Loss = 0.39531775

Iteration 29...
   System 100CH3OH-CG:
       Acceptance ratio = 0.499
       Max displacement = 1.3569
Regularization Loss = 0
Descriptor Loss = 0.29869406
   System 60CH3OH-CG:
       Acceptance ratio = 0.4992
       Max displacement = 1.9544
Regularization Loss = 0
Descriptor Loss = 0.37247738
   System 40CH3OH-CG:
       Acceptance ratio = 0.501
       Max displacement = 2.5668
Regularization Loss = 0
Descriptor Loss = 0.4088078
   System 20CH3OH-CG:
       Acceptance ratio = 0.5042
       Max displacement = 3.873
Regularization Loss = 0
Descriptor Loss = 0.48399563
   
Total Average Loss = 0.39099372

Iteration 30...
   System 100CH3OH-CG:
       Acceptance ratio = 0.4981
       Max displacement = 1.3214
Regularization Loss = 0
Descriptor Loss = 0.31867805
   System 60CH3OH-CG:
       Acceptance ratio = 0.5021
       Max displacement = 1.9362
Regularization Loss = 0
Descriptor Loss = 0.33851292
   System 40CH3OH-CG:
       Acceptance ratio = 0.4969
       Max displacement = 2.6329
Regularization Loss = 0
Descriptor Loss = 0.40282285
   System 20CH3OH-CG:
       Acceptance ratio = 0.4978
       Max displacement = 4.0332
Regularization Loss = 0
Descriptor Loss = 0.51326531
   
Total Average Loss = 0.39331978

Iteration 31...
   System 100CH3OH-CG:
       Acceptance ratio = 0.5
       Max displacement = 1.3331
Regularization Loss = 0
Descriptor Loss = 0.3054113
   System 60CH3OH-CG:
       Acceptance ratio = 0.5029
       Max displacement = 1.9091
Regularization Loss = 0
Descriptor Loss = 0.34299368
   System 40CH3OH-CG:
       Acceptance ratio = 0.503
       Max displacement = 2.5548
Regularization Loss = 0
Descriptor Loss = 0.3944077
   System 20CH3OH-CG:
       Acceptance ratio = 0.4963
       Max displacement = 4.0776
Regularization Loss = 0
Descriptor Loss = 0.53277247
   
Total Average Loss = 0.39389629

Iteration 32...
   System 100CH3OH-CG:
       Acceptance ratio = 0.5002
       Max displacement = 1.3105
Regularization Loss = 0
Descriptor Loss = 0.30730767
   System 60CH3OH-CG:
       Acceptance ratio = 0.4973
       Max displacement = 1.9861
Regularization Loss = 0
Descriptor Loss = 0.31240377
   System 40CH3OH-CG:
       Acceptance ratio = 0.4993
       Max displacement = 2.5752
Regularization Loss = 0
Descriptor Loss = 0.38477914
   System 20CH3OH-CG:
       Acceptance ratio = 0.5021
       Max displacement = 3.9711
Regularization Loss = 0
Descriptor Loss = 0.51579686
   
Total Average Loss = 0.38007186

Iteration 33...
   System 100CH3OH-CG:
       Acceptance ratio = 0.5026
       Max displacement = 1.2907
Regularization Loss = 0
Descriptor Loss = 0.30005596
   System 60CH3OH-CG:
       Acceptance ratio = 0.5035
       Max displacement = 1.91
Regularization Loss = 0
Descriptor Loss = 0.33031146
   System 40CH3OH-CG:
       Acceptance ratio = 0.5029
       Max displacement = 2.5125
Regularization Loss = 0
Descriptor Loss = 0.37866371
   System 20CH3OH-CG:
       Acceptance ratio = 0.4994
       Max displacement = 4.0082
Regularization Loss = 0
Descriptor Loss = 0.46940378
   
Total Average Loss = 0.36960873

Iteration 34...
   System 100CH3OH-CG:
       Acceptance ratio = 0.4969
       Max displacement = 1.3286
Regularization Loss = 0
Descriptor Loss = 0.29533261
   System 60CH3OH-CG:
       Acceptance ratio = 0.5017
       Max displacement = 1.9153
Regularization Loss = 0
Descriptor Loss = 0.34613989
   System 40CH3OH-CG:
       Acceptance ratio = 0.5026
       Max displacement = 2.5231
Regularization Loss = 0
Descriptor Loss = 0.36288095
   System 20CH3OH-CG:
       Acceptance ratio = 0.4998
       Max displacement = 3.9878
Regularization Loss = 0
Descriptor Loss = 0.44810485
   
Total Average Loss = 0.36311457

Iteration 35...
   System 100CH3OH-CG:
       Acceptance ratio = 0.5013
       Max displacement = 1.3026
Regularization Loss = 0
Descriptor Loss = 0.29007139
   System 60CH3OH-CG:
       Acceptance ratio = 0.498
       Max displacement = 1.9016
Regularization Loss = 0
Descriptor Loss = 0.39537958
   System 40CH3OH-CG:
       Acceptance ratio = 0.5002
       Max displacement = 2.5108
Regularization Loss = 0
Descriptor Loss = 0.37302111
   System 20CH3OH-CG:
       Acceptance ratio = 0.502
       Max displacement = 3.9049
Regularization Loss = 0
Descriptor Loss = 0.41705353
   
Total Average Loss = 0.3688814

Iteration 36...
   System 100CH3OH-CG:
       Acceptance ratio = 0.5012
       Max displacement = 1.2868
Regularization Loss = 0
Descriptor Loss = 0.28192985
   System 60CH3OH-CG:
       Acceptance ratio = 0.5008
       Max displacement = 1.8891
Regularization Loss = 0
Descriptor Loss = 0.38018881
   System 40CH3OH-CG:
       Acceptance ratio = 0.5006
       Max displacement = 2.4745
Regularization Loss = 0
Descriptor Loss = 0.39393109
   System 20CH3OH-CG:
       Acceptance ratio = 0.5034
       Max displacement = 3.8739
Regularization Loss = 0
Descriptor Loss = 0.38407669
   
Total Average Loss = 0.36003161

Iteration 37...
   System 100CH3OH-CG:
       Acceptance ratio = 0.5002
       Max displacement = 1.3257
Regularization Loss = 0
Descriptor Loss = 0.27598504
   System 60CH3OH-CG:
       Acceptance ratio = 0.498
       Max displacement = 1.9113
Regularization Loss = 0
Descriptor Loss = 0.39538887
   System 40CH3OH-CG:
       Acceptance ratio = 0.4989
       Max displacement = 2.4513
Regularization Loss = 0
Descriptor Loss = 0.43252639
   System 20CH3OH-CG:
       Acceptance ratio = 0.5002
       Max displacement = 3.8782
Regularization Loss = 0
Descriptor Loss = 0.34904275
   
Total Average Loss = 0.36323576

Iteration 38...
   System 100CH3OH-CG:
       Acceptance ratio = 0.4986
       Max displacement = 1.2914
Regularization Loss = 0
Descriptor Loss = 0.28987464
   System 60CH3OH-CG:
       Acceptance ratio = 0.4998
       Max displacement = 1.838
Regularization Loss = 0
Descriptor Loss = 0.4612953
   System 40CH3OH-CG:
       Acceptance ratio = 0.4992
       Max displacement = 2.4242
Regularization Loss = 0
Descriptor Loss = 0.46050758
   System 20CH3OH-CG:
       Acceptance ratio = 0.5011
       Max displacement = 3.8042
Regularization Loss = 0
Descriptor Loss = 0.34283305
   
Total Average Loss = 0.38862764

Iteration 39...
   System 100CH3OH-CG:
       Acceptance ratio = 0.4976
       Max displacement = 1.2773
Regularization Loss = 0
Descriptor Loss = 0.30462938
   System 60CH3OH-CG:
       Acceptance ratio = 0.501
       Max displacement = 1.8505
Regularization Loss = 0
Descriptor Loss = 0.43335548
   System 40CH3OH-CG:
       Acceptance ratio = 0.4984
       Max displacement = 2.4167
Regularization Loss = 0
Descriptor Loss = 0.50249282
   System 20CH3OH-CG:
       Acceptance ratio = 0.5007
       Max displacement = 3.7334
Regularization Loss = 0
Descriptor Loss = 0.40414258
   
Total Average Loss = 0.41115506

Iteration 40...
   System 100CH3OH-CG:
       Acceptance ratio = 0.4998
       Max displacement = 1.303
Regularization Loss = 0
Descriptor Loss = 0.29395315
   System 60CH3OH-CG:
       Acceptance ratio = 0.4986
       Max displacement = 1.8281
Regularization Loss = 0
Descriptor Loss = 0.45341956
   System 40CH3OH-CG:
       Acceptance ratio = 0.4946
       Max displacement = 2.4054
Regularization Loss = 0
Descriptor Loss = 0.61037015
   System 20CH3OH-CG:
       Acceptance ratio = 0.4991
       Max displacement = 3.6558
Regularization Loss = 0
Descriptor Loss = 0.55248598
   
Total Average Loss = 0.47755721

Iteration 41...
   System 100CH3OH-CG:
       Acceptance ratio = 0.4985
       Max displacement = 1.28
Regularization Loss = 0
Descriptor Loss = 0.31602233
   System 60CH3OH-CG:
       Acceptance ratio = 0.4986
       Max displacement = 1.823
Regularization Loss = 0
Descriptor Loss = 0.42976031
   System 40CH3OH-CG:
       Acceptance ratio = 0.5072
       Max displacement = 2.2437
Regularization Loss = 0
Descriptor Loss = 0.6716831
   System 20CH3OH-CG:
       Acceptance ratio = 0.4998
       Max displacement = 3.5318
Regularization Loss = 0
Descriptor Loss = 0.83794827
   
Total Average Loss = 0.5638535

Iteration 42...
   System 100CH3OH-CG:
       Acceptance ratio = 0.4996
       Max displacement = 1.2423
Regularization Loss = 0
Descriptor Loss = 0.35917887
   System 60CH3OH-CG:
       Acceptance ratio = 0.4969
       Max displacement = 1.8393
Regularization Loss = 0
Descriptor Loss = 0.37922385
   System 40CH3OH-CG:
       Acceptance ratio = 0.4983
       Max displacement = 2.285
Regularization Loss = 0
Descriptor Loss = 0.71129649
   System 20CH3OH-CG:
       Acceptance ratio = 0.4978
       Max displacement = 3.4495
Regularization Loss = 0
Descriptor Loss = 1.23036477
   
Total Average Loss = 0.670016

Iteration 43...
   System 100CH3OH-CG:
       Acceptance ratio = 0.5042
       Max displacement = 1.2894
Regularization Loss = 0
Descriptor Loss = 0.37338563
   System 60CH3OH-CG:
       Acceptance ratio = 0.5003
       Max displacement = 1.8394
Regularization Loss = 0
Descriptor Loss = 0.28345812
   System 40CH3OH-CG:
       Acceptance ratio = 0.4971
       Max displacement = 2.2884
Regularization Loss = 0
Descriptor Loss = 0.67074541
   System 20CH3OH-CG:
       Acceptance ratio = 0.4979
       Max displacement = 3.3956
Regularization Loss = 0
Descriptor Loss = 1.30434055
   
Total Average Loss = 0.65798243

Iteration 44...
   System 100CH3OH-CG:
       Acceptance ratio = 0.5008
       Max displacement = 1.2827
Regularization Loss = 0
Descriptor Loss = 0.42414334
   System 60CH3OH-CG:
       Acceptance ratio = 0.5018
       Max displacement = 1.8363
Regularization Loss = 0
Descriptor Loss = 0.2340895
   System 40CH3OH-CG:
       Acceptance ratio = 0.4979
       Max displacement = 2.3087
Regularization Loss = 0
Descriptor Loss = 0.58104003
   System 20CH3OH-CG:
       Acceptance ratio = 0.4992
       Max displacement = 3.317
Regularization Loss = 0
Descriptor Loss = 1.38596475
   
Total Average Loss = 0.65630941

Iteration 45...
   System 100CH3OH-CG:
       Acceptance ratio = 0.5015
       Max displacement = 1.2897
Regularization Loss = 0
Descriptor Loss = 0.48683414
   System 60CH3OH-CG:
       Acceptance ratio = 0.4973
       Max displacement = 1.8653
Regularization Loss = 0
Descriptor Loss = 0.18835772
   System 40CH3OH-CG:
       Acceptance ratio = 0.5025
       Max displacement = 2.2627
Regularization Loss = 0
Descriptor Loss = 0.45776226
   System 20CH3OH-CG:
       Acceptance ratio = 0.5016
       Max displacement = 3.2666
Regularization Loss = 0
Descriptor Loss = 1.42365413
   
Total Average Loss = 0.63915207

Iteration 46...
   System 100CH3OH-CG:
       Acceptance ratio = 0.502
       Max displacement = 1.2361
Regularization Loss = 0
Descriptor Loss = 0.56457402
   System 60CH3OH-CG:
       Acceptance ratio = 0.5015
       Max displacement = 1.8545
Regularization Loss = 0
Descriptor Loss = 0.15576889
   System 40CH3OH-CG:
       Acceptance ratio = 0.5032
       Max displacement = 2.2614
Regularization Loss = 0
Descriptor Loss = 0.38043212
   System 20CH3OH-CG:
       Acceptance ratio = 0.503
       Max displacement = 3.261
Regularization Loss = 0
Descriptor Loss = 1.16451824
   
Total Average Loss = 0.56632332

Iteration 47...
   System 100CH3OH-CG:
       Acceptance ratio = 0.5004
       Max displacement = 1.279
Regularization Loss = 0
Descriptor Loss = 0.62616408
   System 60CH3OH-CG:
       Acceptance ratio = 0.4955
       Max displacement = 1.9132
Regularization Loss = 0
Descriptor Loss = 0.15009421
   System 40CH3OH-CG:
       Acceptance ratio = 0.5006
       Max displacement = 2.3012
Regularization Loss = 0
Descriptor Loss = 0.34586692
   System 20CH3OH-CG:
       Acceptance ratio = 0.5015
       Max displacement = 3.2515
Regularization Loss = 0
Descriptor Loss = 1.17132011
   
Total Average Loss = 0.57336133

Iteration 48...
   System 100CH3OH-CG:
       Acceptance ratio = 0.5002
       Max displacement = 1.2635
Regularization Loss = 0
Descriptor Loss = 0.68697485
   System 60CH3OH-CG:
       Acceptance ratio = 0.502
       Max displacement = 1.8458
Regularization Loss = 0
Descriptor Loss = 0.14590855
   System 40CH3OH-CG:
       Acceptance ratio = 0.4965
       Max displacement = 2.373
Regularization Loss = 0
Descriptor Loss = 0.27293196
   System 20CH3OH-CG:
       Acceptance ratio = 0.501
       Max displacement = 3.2633
Regularization Loss = 0
Descriptor Loss = 0.98713761
   
Total Average Loss = 0.52323824

Iteration 49...
   System 100CH3OH-CG:
       Acceptance ratio = 0.5007
       Max displacement = 1.3001
Regularization Loss = 0
Descriptor Loss = 0.73711246
   System 60CH3OH-CG:
       Acceptance ratio = 0.4955
       Max displacement = 1.8989
Regularization Loss = 0
Descriptor Loss = 0.15298106
   System 40CH3OH-CG:
       Acceptance ratio = 0.5013
       Max displacement = 2.3254
Regularization Loss = 0
Descriptor Loss = 0.22972971
   System 20CH3OH-CG:
       Acceptance ratio = 0.4977
       Max displacement = 3.3117
Regularization Loss = 0
Descriptor Loss = 0.8726563
   
Total Average Loss = 0.49811988

Iteration 50...
   System 100CH3OH-CG:
       Acceptance ratio = 0.4992
       Max displacement = 1.3122
Regularization Loss = 0
Descriptor Loss = 0.78188866
   System 60CH3OH-CG:
       Acceptance ratio = 0.5041
       Max displacement = 1.8491
Regularization Loss = 0
Descriptor Loss = 0.1720853
   System 40CH3OH-CG:
       Acceptance ratio = 0.4994
       Max displacement = 2.3609
Regularization Loss = 0
Descriptor Loss = 0.19658357
   System 20CH3OH-CG:
       Acceptance ratio = 0.5024
       Max displacement = 3.2694
Regularization Loss = 0
Descriptor Loss = 0.68087262
   
Total Average Loss = 0.45785754

Iteration 51...
   System 100CH3OH-CG:
       Acceptance ratio = 0.5013
       Max displacement = 1.2902
Regularization Loss = 0
Descriptor Loss = 0.8204725
   System 60CH3OH-CG:
       Acceptance ratio = 0.502
       Max displacement = 1.8771
Regularization Loss = 0
Descriptor Loss = 0.19231233
   System 40CH3OH-CG:
       Acceptance ratio = 0.4993
       Max displacement = 2.373
Regularization Loss = 0
Descriptor Loss = 0.18904337
   System 20CH3OH-CG:
       Acceptance ratio = 0.4973
       Max displacement = 3.3357
Regularization Loss = 0
Descriptor Loss = 0.6296167
   
Total Average Loss = 0.45786122

Iteration 52...
   System 100CH3OH-CG:
       Acceptance ratio = 0.4958
       Max displacement = 1.2873
Regularization Loss = 0
Descriptor Loss = 0.83728144
   System 60CH3OH-CG:
       Acceptance ratio = 0.5013
       Max displacement = 1.8798
Regularization Loss = 0
Descriptor Loss = 0.21713792
   System 40CH3OH-CG:
       Acceptance ratio = 0.5003
       Max displacement = 2.3694
Regularization Loss = 0
Descriptor Loss = 0.18953648
   System 20CH3OH-CG:
       Acceptance ratio = 0.5013
       Max displacement = 3.2853
Regularization Loss = 0
Descriptor Loss = 0.51682386
   
Total Average Loss = 0.44019493

Iteration 53...
   System 100CH3OH-CG:
       Acceptance ratio = 0.4976
       Max displacement = 1.3157
Regularization Loss = 0
Descriptor Loss = 0.86896897
   System 60CH3OH-CG:
       Acceptance ratio = 0.4997
       Max displacement = 1.894
Regularization Loss = 0
Descriptor Loss = 0.24467846
   System 40CH3OH-CG:
       Acceptance ratio = 0.5026
       Max displacement = 2.3614
Regularization Loss = 0
Descriptor Loss = 0.19295919
   System 20CH3OH-CG:
       Acceptance ratio = 0.4975
       Max displacement = 3.3501
Regularization Loss = 0
Descriptor Loss = 0.48478488
   
Total Average Loss = 0.44784788

Iteration 54...
   System 100CH3OH-CG:
       Acceptance ratio = 0.5023
       Max displacement = 1.2726
Regularization Loss = 0
Descriptor Loss = 0.87829391
   System 60CH3OH-CG:
       Acceptance ratio = 0.5022
       Max displacement = 1.876
Regularization Loss = 0
Descriptor Loss = 0.2639963
   System 40CH3OH-CG:
       Acceptance ratio = 0.5
       Max displacement = 2.4073
Regularization Loss = 0
Descriptor Loss = 0.20846129
   System 20CH3OH-CG:
       Acceptance ratio = 0.5022
       Max displacement = 3.2771
Regularization Loss = 0
Descriptor Loss = 0.44332939
   
Total Average Loss = 0.44852022

Iteration 55...
   System 100CH3OH-CG:
       Acceptance ratio = 0.4988
       Max displacement = 1.2911
Regularization Loss = 0
Descriptor Loss = 0.90395401
   System 60CH3OH-CG:
       Acceptance ratio = 0.498
       Max displacement = 1.8905
Regularization Loss = 0
Descriptor Loss = 0.27902783
   System 40CH3OH-CG:
       Acceptance ratio = 0.5015
       Max displacement = 2.396
Regularization Loss = 0
Descriptor Loss = 0.22041659
   System 20CH3OH-CG:
       Acceptance ratio = 0.5017
       Max displacement = 3.2896
Regularization Loss = 0
Descriptor Loss = 0.43031049
   
Total Average Loss = 0.45842723

Iteration 56...
   System 100CH3OH-CG:
       Acceptance ratio = 0.5003
       Max displacement = 1.3131
Regularization Loss = 0
Descriptor Loss = 0.93929459
   System 60CH3OH-CG:
       Acceptance ratio = 0.4982
       Max displacement = 1.9126
Regularization Loss = 0
Descriptor Loss = 0.31175164
   System 40CH3OH-CG:
       Acceptance ratio = 0.5026
       Max displacement = 2.3748
Regularization Loss = 0
Descriptor Loss = 0.23007325
   System 20CH3OH-CG:
       Acceptance ratio = 0.4968
       Max displacement = 3.369
Regularization Loss = 0
Descriptor Loss = 0.40231675
   
Total Average Loss = 0.47085906

Iteration 57...
   System 100CH3OH-CG:
       Acceptance ratio = 0.4997
       Max displacement = 1.2538
Regularization Loss = 0
Descriptor Loss = 0.8827689
   System 60CH3OH-CG:
       Acceptance ratio = 0.4995
       Max displacement = 1.9045
Regularization Loss = 0
Descriptor Loss = 0.32174064
   System 40CH3OH-CG:
       Acceptance ratio = 0.5033
       Max displacement = 2.3623
Regularization Loss = 0
Descriptor Loss = 0.23954526
   System 20CH3OH-CG:
       Acceptance ratio = 0.5006
       Max displacement = 3.3299
Regularization Loss = 0
Descriptor Loss = 0.38535659
   
Total Average Loss = 0.45735285

Iteration 58...
   System 100CH3OH-CG:
       Acceptance ratio = 0.5018
       Max displacement = 1.2929
Regularization Loss = 0
Descriptor Loss = 0.92192559
   System 60CH3OH-CG:
       Acceptance ratio = 0.5
       Max displacement = 1.8999
Regularization Loss = 0
Descriptor Loss = 0.33134248
   System 40CH3OH-CG:
       Acceptance ratio = 0.5005
       Max displacement = 2.4168
Regularization Loss = 0
Descriptor Loss = 0.27099928
   System 20CH3OH-CG:
       Acceptance ratio = 0.4993
       Max displacement = 3.3549
Regularization Loss = 0
Descriptor Loss = 0.38846445
   
Total Average Loss = 0.47818295

Iteration 59...
   System 100CH3OH-CG:
       Acceptance ratio = 0.4963
       Max displacement = 1.3144
Regularization Loss = 0
Descriptor Loss = 0.90405766
   System 60CH3OH-CG:
       Acceptance ratio = 0.5014
       Max displacement = 1.9065
Regularization Loss = 0
Descriptor Loss = 0.35514992
   System 40CH3OH-CG:
       Acceptance ratio = 0.4991
       Max displacement = 2.4319
Regularization Loss = 0
Descriptor Loss = 0.2940056
   System 20CH3OH-CG:
       Acceptance ratio = 0.497
       Max displacement = 3.4007
Regularization Loss = 0
Descriptor Loss = 0.38799352
   
Total Average Loss = 0.48530168

Iteration 60...
   System 100CH3OH-CG:
       Acceptance ratio = 0.5005
       Max displacement = 1.2979
Regularization Loss = 0
Descriptor Loss = 0.89819994
   System 60CH3OH-CG:
       Acceptance ratio = 0.5027
       Max displacement = 1.9039
Regularization Loss = 0
Descriptor Loss = 0.36579329
   System 40CH3OH-CG:
       Acceptance ratio = 0.4996
       Max displacement = 2.4359
Regularization Loss = 0
Descriptor Loss = 0.31836299
   System 20CH3OH-CG:
       Acceptance ratio = 0.4981
       Max displacement = 3.3891
Regularization Loss = 0
Descriptor Loss = 0.3905158
   
Total Average Loss = 0.49321801

Iteration 61...
   System 100CH3OH-CG:
       Acceptance ratio = 0.5022
       Max displacement = 1.25
Regularization Loss = 0
Descriptor Loss = 0.83505014
   System 60CH3OH-CG:
       Acceptance ratio = 0.501
       Max displacement = 1.9097
Regularization Loss = 0
Descriptor Loss = 0.37279518
   System 40CH3OH-CG:
       Acceptance ratio = 0.4952
       Max displacement = 2.5067
Regularization Loss = 0
Descriptor Loss = 0.3482059
   System 20CH3OH-CG:
       Acceptance ratio = 0.5013
       Max displacement = 3.3647
Regularization Loss = 0
Descriptor Loss = 0.39756724
   
Total Average Loss = 0.48840461

Iteration 62...
   System 100CH3OH-CG:
       Acceptance ratio = 0.4999
       Max displacement = 1.3155
Regularization Loss = 0
Descriptor Loss = 0.8770856
   System 60CH3OH-CG:
       Acceptance ratio = 0.5028
       Max displacement = 1.903
Regularization Loss = 0
Descriptor Loss = 0.38193636
   System 40CH3OH-CG:
       Acceptance ratio = 0.4978
       Max displacement = 2.478
Regularization Loss = 0
Descriptor Loss = 0.37148389
   System 20CH3OH-CG:
       Acceptance ratio = 0.4998
       Max displacement = 3.4052
Regularization Loss = 0
Descriptor Loss = 0.4288939
   
Total Average Loss = 0.51484994

Iteration 63...
   System 100CH3OH-CG:
       Acceptance ratio = 0.5029
       Max displacement = 1.2966
Regularization Loss = 0
Descriptor Loss = 0.86137763
   System 60CH3OH-CG:
       Acceptance ratio = 0.4988
       Max displacement = 1.9124
Regularization Loss = 0
Descriptor Loss = 0.36658072
   System 40CH3OH-CG:
       Acceptance ratio = 0.501
       Max displacement = 2.4472
Regularization Loss = 0
Descriptor Loss = 0.39485656
   System 20CH3OH-CG:
       Acceptance ratio = 0.4994
       Max displacement = 3.4265
Regularization Loss = 0
Descriptor Loss = 0.44003068
   
Total Average Loss = 0.5157114

Iteration 64...
   System 100CH3OH-CG:
       Acceptance ratio = 0.5015
       Max displacement = 1.2929
Regularization Loss = 0
Descriptor Loss = 0.81659655
   System 60CH3OH-CG:
       Acceptance ratio = 0.4993
       Max displacement = 1.9307
Regularization Loss = 0
Descriptor Loss = 0.37651528
   System 40CH3OH-CG:
       Acceptance ratio = 0.5027
       Max displacement = 2.4518
Regularization Loss = 0
Descriptor Loss = 0.41168665
   System 20CH3OH-CG:
       Acceptance ratio = 0.4995
       Max displacement = 3.4481
Regularization Loss = 0
Descriptor Loss = 0.46403742
   
Total Average Loss = 0.51720898

Iteration 65...
   System 100CH3OH-CG:
       Acceptance ratio = 0.4996
       Max displacement = 1.3033
Regularization Loss = 0
Descriptor Loss = 0.79623685
   System 60CH3OH-CG:
       Acceptance ratio = 0.5032
       Max displacement = 1.894
Regularization Loss = 0
Descriptor Loss = 0.34023458
   System 40CH3OH-CG:
       Acceptance ratio = 0.5014
       Max displacement = 2.4559
Regularization Loss = 0
Descriptor Loss = 0.39475328
   System 20CH3OH-CG:
       Acceptance ratio = 0.4993
       Max displacement = 3.4579
Regularization Loss = 0
Descriptor Loss = 0.45762281
   
Total Average Loss = 0.49721188

Iteration 66...
   System 100CH3OH-CG:
       Acceptance ratio = 0.4995
       Max displacement = 1.3373
Regularization Loss = 0
Descriptor Loss = 0.8087772
   System 60CH3OH-CG:
       Acceptance ratio = 0.5
       Max displacement = 1.9089
Regularization Loss = 0
Descriptor Loss = 0.31234782
   System 40CH3OH-CG:
       Acceptance ratio = 0.4987
       Max displacement = 2.4771
Regularization Loss = 0
Descriptor Loss = 0.37774112
   System 20CH3OH-CG:
       Acceptance ratio = 0.4996
       Max displacement = 3.4595
Regularization Loss = 0
Descriptor Loss = 0.45134149
   
Total Average Loss = 0.48755191

Iteration 67...
   System 100CH3OH-CG:
       Acceptance ratio = 0.5005
       Max displacement = 1.2947
Regularization Loss = 0
Descriptor Loss = 0.72925595
   System 60CH3OH-CG:
       Acceptance ratio = 0.5022
       Max displacement = 1.908
Regularization Loss = 0
Descriptor Loss = 0.30631197
   System 40CH3OH-CG:
       Acceptance ratio = 0.5012
       Max displacement = 2.4636
Regularization Loss = 0
Descriptor Loss = 0.35739848
   System 20CH3OH-CG:
       Acceptance ratio = 0.5034
       Max displacement = 3.3988
Regularization Loss = 0
Descriptor Loss = 0.43356091
   
Total Average Loss = 0.45663183

Iteration 68...
   System 100CH3OH-CG:
       Acceptance ratio = 0.506
       Max displacement = 1.3343
Regularization Loss = 0
Descriptor Loss = 0.78533587
   System 60CH3OH-CG:
       Acceptance ratio = 0.5025
       Max displacement = 1.8961
Regularization Loss = 0
Descriptor Loss = 0.26355253
   System 40CH3OH-CG:
       Acceptance ratio = 0.4956
       Max displacement = 2.5185
Regularization Loss = 0
Descriptor Loss = 0.33278373
   System 20CH3OH-CG:
       Acceptance ratio = 0.5
       Max displacement = 3.4539
Regularization Loss = 0
Descriptor Loss = 0.40966745
   
Total Average Loss = 0.4478349

Iteration 69...
   System 100CH3OH-CG:
       Acceptance ratio = 0.5005
       Max displacement = 1.3011
Regularization Loss = 0
Descriptor Loss = 0.66491613
   System 60CH3OH-CG:
       Acceptance ratio = 0.4993
       Max displacement = 1.9383
Regularization Loss = 0
Descriptor Loss = 0.25352895
   System 40CH3OH-CG:
       Acceptance ratio = 0.501
       Max displacement = 2.4802
Regularization Loss = 0
Descriptor Loss = 0.31442235
   System 20CH3OH-CG:
       Acceptance ratio = 0.5054
       Max displacement = 3.3576
Regularization Loss = 0
Descriptor Loss = 0.38208006
   
Total Average Loss = 0.40373687

Iteration 70...
   System 100CH3OH-CG:
       Acceptance ratio = 0.4996
       Max displacement = 1.3169
Regularization Loss = 0
Descriptor Loss = 0.6494074
   System 60CH3OH-CG:
       Acceptance ratio = 0.4984
       Max displacement = 1.9416
Regularization Loss = 0
Descriptor Loss = 0.21508624
   System 40CH3OH-CG:
       Acceptance ratio = 0.4998
       Max displacement = 2.4829
Regularization Loss = 0
Descriptor Loss = 0.28740895
   System 20CH3OH-CG:
       Acceptance ratio = 0.4981
       Max displacement = 3.4985
Regularization Loss = 0
Descriptor Loss = 0.36949873
   
Total Average Loss = 0.38035033

Iteration 71...
   System 100CH3OH-CG:
       Acceptance ratio = 0.4985
       Max displacement = 1.331
Regularization Loss = 0
Descriptor Loss = 0.63748884
   System 60CH3OH-CG:
       Acceptance ratio = 0.4978
       Max displacement = 1.9419
Regularization Loss = 0
Descriptor Loss = 0.19036738
   System 40CH3OH-CG:
       Acceptance ratio = 0.4985
       Max displacement = 2.5066
Regularization Loss = 0
Descriptor Loss = 0.27076062
   System 20CH3OH-CG:
       Acceptance ratio = 0.5031
       Max displacement = 3.4059
Regularization Loss = 0
Descriptor Loss = 0.35813095
   
Total Average Loss = 0.36418695

Iteration 72...
   System 100CH3OH-CG:
       Acceptance ratio = 0.4977
       Max displacement = 1.3281
Regularization Loss = 0
Descriptor Loss = 0.59839863
   System 60CH3OH-CG:
       Acceptance ratio = 0.4986
       Max displacement = 1.9413
Regularization Loss = 0
Descriptor Loss = 0.17968113
   System 40CH3OH-CG:
       Acceptance ratio = 0.4995
       Max displacement = 2.4834
Regularization Loss = 0
Descriptor Loss = 0.25204508
   System 20CH3OH-CG:
       Acceptance ratio = 0.496
       Max displacement = 3.5175
Regularization Loss = 0
Descriptor Loss = 0.34030796
   
Total Average Loss = 0.3426082

Iteration 73...
   System 100CH3OH-CG:
       Acceptance ratio = 0.4978
       Max displacement = 1.3718
Regularization Loss = 0
Descriptor Loss = 0.63196628
   System 60CH3OH-CG:
       Acceptance ratio = 0.4975
       Max displacement = 1.9402
Regularization Loss = 0
Descriptor Loss = 0.15296587
   System 40CH3OH-CG:
       Acceptance ratio = 0.5001
       Max displacement = 2.4902
Regularization Loss = 0
Descriptor Loss = 0.23874273
   System 20CH3OH-CG:
       Acceptance ratio = 0.501
       Max displacement = 3.4545
Regularization Loss = 0
Descriptor Loss = 0.3381192
   
Total Average Loss = 0.34044852

Iteration 74...
   System 100CH3OH-CG:
       Acceptance ratio = 0.5022
       Max displacement = 1.2906
Regularization Loss = 0
Descriptor Loss = 0.53990348
   System 60CH3OH-CG:
       Acceptance ratio = 0.5018
       Max displacement = 1.907
Regularization Loss = 0
Descriptor Loss = 0.13879827
   System 40CH3OH-CG:
       Acceptance ratio = 0.5008
       Max displacement = 2.5041
Regularization Loss = 0
Descriptor Loss = 0.23001597
   System 20CH3OH-CG:
       Acceptance ratio = 0.4928
       Max displacement = 3.5851
Regularization Loss = 0
Descriptor Loss = 0.32932596
   
Total Average Loss = 0.30951092

Iteration 75...
   System 100CH3OH-CG:
       Acceptance ratio = 0.504
       Max displacement = 1.3114
Regularization Loss = 0
Descriptor Loss = 0.54836411
   System 60CH3OH-CG:
       Acceptance ratio = 0.503
       Max displacement = 1.9125
Regularization Loss = 0
Descriptor Loss = 0.13781377
   System 40CH3OH-CG:
       Acceptance ratio = 0.5046
       Max displacement = 2.4722
Regularization Loss = 0
Descriptor Loss = 0.23149287
   System 20CH3OH-CG:
       Acceptance ratio = 0.5008
       Max displacement = 3.4779
Regularization Loss = 0
Descriptor Loss = 0.32815374
   
Total Average Loss = 0.31145612

Iteration 76...
   System 100CH3OH-CG:
       Acceptance ratio = 0.5001
       Max displacement = 1.3064
Regularization Loss = 0
Descriptor Loss = 0.51084565
   System 60CH3OH-CG:
       Acceptance ratio = 0.4983
       Max displacement = 1.9144
Regularization Loss = 0
Descriptor Loss = 0.12057506
   System 40CH3OH-CG:
       Acceptance ratio = 0.5007
       Max displacement = 2.5202
Regularization Loss = 0
Descriptor Loss = 0.22840636
   System 20CH3OH-CG:
       Acceptance ratio = 0.5021
       Max displacement = 3.4557
Regularization Loss = 0
Descriptor Loss = 0.32183147
   
Total Average Loss = 0.29541464

Iteration 77...
   System 100CH3OH-CG:
       Acceptance ratio = 0.5018
       Max displacement = 1.3032
Regularization Loss = 0
Descriptor Loss = 0.5127402
   System 60CH3OH-CG:
       Acceptance ratio = 0.5019
       Max displacement = 1.9314
Regularization Loss = 0
Descriptor Loss = 0.12724298
   System 40CH3OH-CG:
       Acceptance ratio = 0.5018
       Max displacement = 2.4973
Regularization Loss = 0
Descriptor Loss = 0.21480872
   System 20CH3OH-CG:
       Acceptance ratio = 0.4999
       Max displacement = 3.5068
Regularization Loss = 0
Descriptor Loss = 0.31928363
   
Total Average Loss = 0.29351889

Iteration 78...
   System 100CH3OH-CG:
       Acceptance ratio = 0.4986
       Max displacement = 1.3453
Regularization Loss = 0
Descriptor Loss = 0.50909144
   System 60CH3OH-CG:
       Acceptance ratio = 0.5014
       Max displacement = 1.9129
Regularization Loss = 0
Descriptor Loss = 0.1168271
   System 40CH3OH-CG:
       Acceptance ratio = 0.4972
       Max displacement = 2.5311
Regularization Loss = 0
Descriptor Loss = 0.20826905
   System 20CH3OH-CG:
       Acceptance ratio = 0.4985
       Max displacement = 3.529
Regularization Loss = 0
Descriptor Loss = 0.31422419
   
Total Average Loss = 0.28710295

Iteration 79...
   System 100CH3OH-CG:
       Acceptance ratio = 0.4979
       Max displacement = 1.3487
Regularization Loss = 0
Descriptor Loss = 0.49755077
   System 60CH3OH-CG:
       Acceptance ratio = 0.4982
       Max displacement = 1.9299
Regularization Loss = 0
Descriptor Loss = 0.11996737
   System 40CH3OH-CG:
       Acceptance ratio = 0.4976
       Max displacement = 2.5419
Regularization Loss = 0
Descriptor Loss = 0.21158878
   System 20CH3OH-CG:
       Acceptance ratio = 0.4964
       Max displacement = 3.5884
Regularization Loss = 0
Descriptor Loss = 0.31757237
   
Total Average Loss = 0.28666982

Iteration 80...
   System 100CH3OH-CG:
       Acceptance ratio = 0.5037
       Max displacement = 1.2549
Regularization Loss = 0
Descriptor Loss = 0.48448473
   System 60CH3OH-CG:
       Acceptance ratio = 0.502
       Max displacement = 1.9136
Regularization Loss = 0
Descriptor Loss = 0.1137261
   System 40CH3OH-CG:
       Acceptance ratio = 0.5022
       Max displacement = 2.5041
Regularization Loss = 0
Descriptor Loss = 0.21787323
   System 20CH3OH-CG:
       Acceptance ratio = 0.5003
       Max displacement = 3.5198
Regularization Loss = 0
Descriptor Loss = 0.30646559
   
Total Average Loss = 0.28063741

Iteration 81...
   System 100CH3OH-CG:
       Acceptance ratio = 0.503
       Max displacement = 1.2997
Regularization Loss = 0
Descriptor Loss = 0.47521215
   System 60CH3OH-CG:
       Acceptance ratio = 0.5002
       Max displacement = 1.9398
Regularization Loss = 0
Descriptor Loss = 0.11767072
   System 40CH3OH-CG:
       Acceptance ratio = 0.4937
       Max displacement = 2.5866
Regularization Loss = 0
Descriptor Loss = 0.22273282
   System 20CH3OH-CG:
       Acceptance ratio = 0.5016
       Max displacement = 3.5247
Regularization Loss = 0
Descriptor Loss = 0.31757085
   
Total Average Loss = 0.28329663

Iteration 82...
   System 100CH3OH-CG:
       Acceptance ratio = 0.4989
       Max displacement = 1.3103
Regularization Loss = 0
Descriptor Loss = 0.46663661
   System 60CH3OH-CG:
       Acceptance ratio = 0.5024
       Max displacement = 1.9093
Regularization Loss = 0
Descriptor Loss = 0.11826299
   System 40CH3OH-CG:
       Acceptance ratio = 0.4999
       Max displacement = 2.525
Regularization Loss = 0
Descriptor Loss = 0.23428825
   System 20CH3OH-CG:
       Acceptance ratio = 0.5024
       Max displacement = 3.5291
Regularization Loss = 0
Descriptor Loss = 0.32453323
   
Total Average Loss = 0.28593027

Iteration 83...
   System 100CH3OH-CG:
       Acceptance ratio = 0.5017
       Max displacement = 1.3116
Regularization Loss = 0
Descriptor Loss = 0.45904579
   System 60CH3OH-CG:
       Acceptance ratio = 0.5015
       Max displacement = 1.9203
Regularization Loss = 0
Descriptor Loss = 0.1216072
   System 40CH3OH-CG:
       Acceptance ratio = 0.4999
       Max displacement = 2.5451
Regularization Loss = 0
Descriptor Loss = 0.22919028
   System 20CH3OH-CG:
       Acceptance ratio = 0.4982
       Max displacement = 3.6168
Regularization Loss = 0
Descriptor Loss = 0.31831175
   
Total Average Loss = 0.28203876

Iteration 84...
   System 100CH3OH-CG:
       Acceptance ratio = 0.4972
       Max displacement = 1.3269
Regularization Loss = 0
Descriptor Loss = 0.46134005
   System 60CH3OH-CG:
       Acceptance ratio = 0.5008
       Max displacement = 1.9447
Regularization Loss = 0
Descriptor Loss = 0.122432
   System 40CH3OH-CG:
       Acceptance ratio = 0.503
       Max displacement = 2.5035
Regularization Loss = 0
Descriptor Loss = 0.24354128
   System 20CH3OH-CG:
       Acceptance ratio = 0.5007
       Max displacement = 3.5936
Regularization Loss = 0
Descriptor Loss = 0.3286269
   
Total Average Loss = 0.28898506

Iteration 85...
   System 100CH3OH-CG:
       Acceptance ratio = 0.5017
       Max displacement = 1.3566
Regularization Loss = 0
Descriptor Loss = 0.48899067
   System 60CH3OH-CG:
       Acceptance ratio = 0.5002
       Max displacement = 1.9502
Regularization Loss = 0
Descriptor Loss = 0.12346063
   System 40CH3OH-CG:
       Acceptance ratio = 0.5027
       Max displacement = 2.5081
Regularization Loss = 0
Descriptor Loss = 0.25389247
   System 20CH3OH-CG:
       Acceptance ratio = 0.4991
       Max displacement = 3.6377
Regularization Loss = 0
Descriptor Loss = 0.34252625
   
Total Average Loss = 0.3022175

Iteration 86...
   System 100CH3OH-CG:
       Acceptance ratio = 0.4971
       Max displacement = 1.3165
Regularization Loss = 0
Descriptor Loss = 0.45337972
   System 60CH3OH-CG:
       Acceptance ratio = 0.4992
       Max displacement = 1.9209
Regularization Loss = 0
Descriptor Loss = 0.12549956
   System 40CH3OH-CG:
       Acceptance ratio = 0.5009
       Max displacement = 2.564
Regularization Loss = 0
Descriptor Loss = 0.25344635
   System 20CH3OH-CG:
       Acceptance ratio = 0.501
       Max displacement = 3.6346
Regularization Loss = 0
Descriptor Loss = 0.34932432
   
Total Average Loss = 0.29541249

Iteration 87...
   System 100CH3OH-CG:
       Acceptance ratio = 0.4987
       Max displacement = 1.2974
Regularization Loss = 0
Descriptor Loss = 0.45748027
   System 60CH3OH-CG:
       Acceptance ratio = 0.4998
       Max displacement = 1.9767
Regularization Loss = 0
Descriptor Loss = 0.12864934
   System 40CH3OH-CG:
       Acceptance ratio = 0.5011
       Max displacement = 2.5599
Regularization Loss = 0
Descriptor Loss = 0.2525261
   System 20CH3OH-CG:
       Acceptance ratio = 0.4994
       Max displacement = 3.6655
Regularization Loss = 0
Descriptor Loss = 0.35234873
   
Total Average Loss = 0.29775111

Iteration 88...
   System 100CH3OH-CG:
       Acceptance ratio = 0.4987
       Max displacement = 1.3229
Regularization Loss = 0
Descriptor Loss = 0.44975364
   System 60CH3OH-CG:
       Acceptance ratio = 0.5008
       Max displacement = 1.9327
Regularization Loss = 0
Descriptor Loss = 0.12837949
   System 40CH3OH-CG:
       Acceptance ratio = 0.5009
       Max displacement = 2.5432
Regularization Loss = 0
Descriptor Loss = 0.26328877
   System 20CH3OH-CG:
       Acceptance ratio = 0.4977
       Max displacement = 3.7218
Regularization Loss = 0
Descriptor Loss = 0.37314195
   
Total Average Loss = 0.30364096

Iteration 89...
   System 100CH3OH-CG:
       Acceptance ratio = 0.4992
       Max displacement = 1.3143
Regularization Loss = 0
Descriptor Loss = 0.44684974
   System 60CH3OH-CG:
       Acceptance ratio = 0.4995
       Max displacement = 1.9644
Regularization Loss = 0
Descriptor Loss = 0.12740088
   System 40CH3OH-CG:
       Acceptance ratio = 0.498
       Max displacement = 2.6043
Regularization Loss = 0
Descriptor Loss = 0.27121051
   System 20CH3OH-CG:
       Acceptance ratio = 0.498
       Max displacement = 3.7332
Regularization Loss = 0
Descriptor Loss = 0.36923134
   
Total Average Loss = 0.30367312

Iteration 90...
   System 100CH3OH-CG:
       Acceptance ratio = 0.5041
       Max displacement = 1.2867
Regularization Loss = 0
Descriptor Loss = 0.42917138
   System 60CH3OH-CG:
       Acceptance ratio = 0.504
       Max displacement = 1.9093
Regularization Loss = 0
Descriptor Loss = 0.13098416
   System 40CH3OH-CG:
       Acceptance ratio = 0.5026
       Max displacement = 2.5522
Regularization Loss = 0
Descriptor Loss = 0.27302057
   System 20CH3OH-CG:
       Acceptance ratio = 0.4997
       Max displacement = 3.7226
Regularization Loss = 0
Descriptor Loss = 0.40285143
   
Total Average Loss = 0.30900689

Iteration 91...
   System 100CH3OH-CG:
       Acceptance ratio = 0.5003
       Max displacement = 1.3333
Regularization Loss = 0
Descriptor Loss = 0.43544464
   System 60CH3OH-CG:
       Acceptance ratio = 0.4988
       Max displacement = 1.965
Regularization Loss = 0
Descriptor Loss = 0.13204395
   System 40CH3OH-CG:
       Acceptance ratio = 0.4991
       Max displacement = 2.6037
Regularization Loss = 0
Descriptor Loss = 0.27988427
   System 20CH3OH-CG:
       Acceptance ratio = 0.498
       Max displacement = 3.7547
Regularization Loss = 0
Descriptor Loss = 0.39782239
   
Total Average Loss = 0.31129881

Iteration 92...
   System 100CH3OH-CG:
       Acceptance ratio = 0.5018
       Max displacement = 1.3028
Regularization Loss = 0
Descriptor Loss = 0.43200333
   System 60CH3OH-CG:
       Acceptance ratio = 0.4989
       Max displacement = 1.94
Regularization Loss = 0
Descriptor Loss = 0.13924919
   System 40CH3OH-CG:
       Acceptance ratio = 0.4992
       Max displacement = 2.5739
Regularization Loss = 0
Descriptor Loss = 0.28277603
   System 20CH3OH-CG:
       Acceptance ratio = 0.5003
       Max displacement = 3.7284
Regularization Loss = 0
Descriptor Loss = 0.39701485
   
Total Average Loss = 0.31276085

Iteration 93...
   System 100CH3OH-CG:
       Acceptance ratio = 0.4989
       Max displacement = 1.3708
Regularization Loss = 0
Descriptor Loss = 0.44485915
   System 60CH3OH-CG:
       Acceptance ratio = 0.4969
       Max displacement = 1.9523
Regularization Loss = 0
Descriptor Loss = 0.13826987
   System 40CH3OH-CG:
       Acceptance ratio = 0.5002
       Max displacement = 2.5688
Regularization Loss = 0
Descriptor Loss = 0.27733661
   System 20CH3OH-CG:
       Acceptance ratio = 0.5004
       Max displacement = 3.727
Regularization Loss = 0
Descriptor Loss = 0.41396984
   
Total Average Loss = 0.31860887

Iteration 94...
   System 100CH3OH-CG:
       Acceptance ratio = 0.5007
       Max displacement = 1.3343
Regularization Loss = 0
Descriptor Loss = 0.4291453
   System 60CH3OH-CG:
       Acceptance ratio = 0.4977
       Max displacement = 1.9524
Regularization Loss = 0
Descriptor Loss = 0.13672547
   System 40CH3OH-CG:
       Acceptance ratio = 0.5008
       Max displacement = 2.5683
Regularization Loss = 0
Descriptor Loss = 0.28670677
   System 20CH3OH-CG:
       Acceptance ratio = 0.4972
       Max displacement = 3.8119
Regularization Loss = 0
Descriptor Loss = 0.41986427
   
Total Average Loss = 0.31811045

Iteration 95...
   System 100CH3OH-CG:
       Acceptance ratio = 0.4985
       Max displacement = 1.3124
Regularization Loss = 0
Descriptor Loss = 0.4189487
   System 60CH3OH-CG:
       Acceptance ratio = 0.5039
       Max displacement = 1.9344
Regularization Loss = 0
Descriptor Loss = 0.13722788
   System 40CH3OH-CG:
       Acceptance ratio = 0.5008
       Max displacement = 2.557
Regularization Loss = 0
Descriptor Loss = 0.29018051
   System 20CH3OH-CG:
       Acceptance ratio = 0.5008
       Max displacement = 3.7534
Regularization Loss = 0
Descriptor Loss = 0.43572457
   
Total Average Loss = 0.32052041

Iteration 96...
   System 100CH3OH-CG:
       Acceptance ratio = 0.4952
       Max displacement = 1.3471
Regularization Loss = 0
Descriptor Loss = 0.41941282
   System 60CH3OH-CG:
       Acceptance ratio = 0.4986
       Max displacement = 1.9674
Regularization Loss = 0
Descriptor Loss = 0.14140116
   System 40CH3OH-CG:
       Acceptance ratio = 0.4966
       Max displacement = 2.6078
Regularization Loss = 0
Descriptor Loss = 0.28345177
   System 20CH3OH-CG:
       Acceptance ratio = 0.5003
       Max displacement = 3.7868
Regularization Loss = 0
Descriptor Loss = 0.43713287
   
Total Average Loss = 0.32034965

Iteration 97...
   System 100CH3OH-CG:
       Acceptance ratio = 0.5039
       Max displacement = 1.3168
Regularization Loss = 0
Descriptor Loss = 0.41388502
   System 60CH3OH-CG:
       Acceptance ratio = 0.4995
       Max displacement = 1.9201
Regularization Loss = 0
Descriptor Loss = 0.14678845
   System 40CH3OH-CG:
       Acceptance ratio = 0.5009
       Max displacement = 2.5592
Regularization Loss = 0
Descriptor Loss = 0.29635053
   System 20CH3OH-CG:
       Acceptance ratio = 0.4956
       Max displacement = 3.8949
Regularization Loss = 0
Descriptor Loss = 0.4541643
   
Total Average Loss = 0.32779707

Iteration 98...
   System 100CH3OH-CG:
       Acceptance ratio = 0.5009
       Max displacement = 1.2664
Regularization Loss = 0
Descriptor Loss = 0.40205468
   System 60CH3OH-CG:
       Acceptance ratio = 0.4984
       Max displacement = 1.9647
Regularization Loss = 0
Descriptor Loss = 0.14514233
   System 40CH3OH-CG:
       Acceptance ratio = 0.5026
       Max displacement = 2.539
Regularization Loss = 0
Descriptor Loss = 0.29498858
   System 20CH3OH-CG:
       Acceptance ratio = 0.5026
       Max displacement = 3.7796
Regularization Loss = 0
Descriptor Loss = 0.45857537
   
Total Average Loss = 0.32519024

Iteration 99...
   System 100CH3OH-CG:
       Acceptance ratio = 0.5025
       Max displacement = 1.3252
Regularization Loss = 0
Descriptor Loss = 0.39633833
   System 60CH3OH-CG:
       Acceptance ratio = 0.499
       Max displacement = 1.9644
Regularization Loss = 0
Descriptor Loss = 0.14349051
   System 40CH3OH-CG:
       Acceptance ratio = 0.4977
       Max displacement = 2.6259
Regularization Loss = 0
Descriptor Loss = 0.29982535
   System 20CH3OH-CG:
       Acceptance ratio = 0.5026
       Max displacement = 3.788
Regularization Loss = 0
Descriptor Loss = 0.48552807
   
Total Average Loss = 0.33129556

Iteration 100...
   System 100CH3OH-CG:
       Acceptance ratio = 0.4967
       Max displacement = 1.3194
Regularization Loss = 0
Descriptor Loss = 0.38537126
   System 60CH3OH-CG:
       Acceptance ratio = 0.5056
       Max displacement = 1.8992
Regularization Loss = 0
Descriptor Loss = 0.14674552
   System 40CH3OH-CG:
       Acceptance ratio = 0.5045
       Max displacement = 2.5373
Regularization Loss = 0
Descriptor Loss = 0.30158817
   System 20CH3OH-CG:
       Acceptance ratio = 0.5018
       Max displacement = 3.8217
Regularization Loss = 0
Descriptor Loss = 0.5161191
   
Total Average Loss = 0.33745601
The training is finished!
Stopping at: 2023-02-10T13:16:23.167

Walltime: 11 hours, 29 minutes, 4 seconds, 981 milliseconds
