Running MC simulation...
Total number of steps = 1000000000
Equilibration steps = 100000000
Output frequency = 1000000
Box vectors (Å): [36.405, 36.405, 36.405]
Starting energy = -5662.110 epsilon

Step 10000000...
Step 20000000...
Step 30000000...
Step 40000000...
Step 50000000...
Step 60000000...
Step 70000000...
Step 80000000...
Step 90000000...
Step 100000000...
Step 110000000...
Step 120000000...
Step 130000000...
Step 140000000...
Step 150000000...
Step 160000000...
Step 170000000...
Step 180000000...
Step 190000000...
Step 200000000...
Step 210000000...
Step 220000000...
Step 230000000...
Step 240000000...
Step 250000000...
Step 260000000...
Step 270000000...
Step 280000000...
Step 290000000...
Step 300000000...
Step 310000000...
Step 320000000...
Step 330000000...
Step 340000000...
Step 350000000...
Step 360000000...
Step 370000000...
Step 380000000...
Step 390000000...
Step 400000000...
Step 410000000...
Step 420000000...
Step 430000000...
Step 440000000...
Step 450000000...
Step 460000000...
Step 470000000...
Step 480000000...
Step 490000000...
Step 500000000...
Step 510000000...
Step 520000000...
Step 530000000...
Step 540000000...
Step 550000000...
Step 560000000...
Step 570000000...
Step 580000000...
Step 590000000...
Step 600000000...
Step 610000000...
Step 620000000...
Step 630000000...
Step 640000000...
Step 650000000...
Step 660000000...
Step 670000000...
Step 680000000...
Step 690000000...
Step 700000000...
Step 710000000...
Step 720000000...
Step 730000000...
Step 740000000...
Step 750000000...
Step 760000000...
Step 770000000...
Step 780000000...
Step 790000000...
Step 800000000...
Step 810000000...
Step 820000000...
Step 830000000...
Step 840000000...
Step 850000000...
Step 860000000...
Step 870000000...
Step 880000000...
Step 890000000...
Step 900000000...
Step 910000000...
Step 920000000...
Step 930000000...
Step 940000000...
Step 950000000...
Step 960000000...
Step 970000000...
Step 980000000...
Step 990000000...
Step 1000000000...
Acceptance ratio = 0.575
14907.086112 seconds (4.42 G allocations: 11.372 TiB, 1.94% gc time, 0.00% compilation time)
